<?xml version="1.0" encoding="utf-8"?>
<CoverageSession xmlns:xsd="http://www.w3.org/2001/XMLSchema" xmlns:xsi="http://www.w3.org/2001/XMLSchema-instance">
  <Summary numSequencePoints="276" visitedSequencePoints="276" numBranchPoints="47" visitedBranchPoints="47" sequenceCoverage="100" branchCoverage="100" maxCyclomaticComplexity="4" minCyclomaticComplexity="1" visitedClasses="6" numClasses="6" visitedMethods="47" numMethods="47" />
  <Modules>
    <Module skippedDueTo="Filter" hash="FD-6B-2D-18-7D-9E-B0-6F-C4-03-61-A8-DC-75-CD-98-65-5F-2D-B5">
      <ModulePath>C:\WINDOWS\Microsoft.Net\assembly\GAC_64\mscorlib\v4.0_4.0.0.0__b77a5c561934e089\mscorlib.dll</ModulePath>
      <ModuleTime>2018-10-11T06:37:59.7116576Z</ModuleTime>
      <ModuleName>mscorlib</ModuleName>
      <Classes />
    </Module>
    <Module skippedDueTo="Filter" hash="42-5D-0E-14-9A-00-93-21-57-8C-FC-8C-B0-3D-F9-C7-AF-CD-A3-02">
      <ModulePath>C:\Users\Admin\Desktop\.NET projects\ProjMngrApp\ProjMgrSPA\packages\NUnit.ConsoleRunner.3.9.0\tools\nunit3-console.exe</ModulePath>
      <ModuleTime>2018-09-05T14:48:28Z</ModuleTime>
      <ModuleName>nunit3-console</ModuleName>
      <Classes />
    </Module>
    <Module skippedDueTo="Filter" hash="BA-D5-C6-DC-0C-59-DA-6B-C8-40-22-29-40-86-10-C6-40-6D-57-E5">
      <ModulePath>C:\WINDOWS\Microsoft.Net\assembly\GAC_MSIL\System\v4.0_4.0.0.0__b77a5c561934e089\System.dll</ModulePath>
      <ModuleTime>2018-08-14T02:15:16.7427109Z</ModuleTime>
      <ModuleName>System</ModuleName>
      <Classes />
    </Module>
    <Module skippedDueTo="Filter" hash="0A-47-64-32-4B-83-DF-99-42-5A-C7-DE-DA-21-E5-6C-A1-90-50-AC">
      <ModulePath>C:\Users\Admin\Desktop\.NET projects\ProjMngrApp\ProjMgrSPA\packages\NUnit.ConsoleRunner.3.9.0\tools\nunit.engine.api.dll</ModulePath>
      <ModuleTime>2018-09-05T14:48:28Z</ModuleTime>
      <ModuleName>nunit.engine.api</ModuleName>
      <Classes />
    </Module>
    <Module skippedDueTo="Filter" hash="D5-00-67-52-C5-AF-05-06-2D-35-DF-4F-C4-22-51-88-35-4A-CD-00">
      <ModulePath>C:\Users\Admin\Desktop\.NET projects\ProjMngrApp\ProjMgrSPA\packages\NUnit.ConsoleRunner.3.9.0\tools\nunit.engine.dll</ModulePath>
      <ModuleTime>2018-09-05T14:48:28Z</ModuleTime>
      <ModuleName>nunit.engine</ModuleName>
      <Classes />
    </Module>
    <Module skippedDueTo="Filter" hash="D5-00-67-52-C5-AF-05-06-2D-35-DF-4F-C4-22-51-88-35-4A-CD-00">
      <ModulePath>C:\Users\Admin\Desktop\.NET projects\ProjMngrApp\ProjMgrSPA\packages\NUnit.ConsoleRunner.3.9.0\tools\nunit.engine.dll</ModulePath>
      <ModuleTime>2018-09-05T14:48:28Z</ModuleTime>
      <ModuleName>nunit.engine</ModuleName>
      <Classes />
    </Module>
    <Module skippedDueTo="Filter" hash="F2-26-5B-FA-55-E9-5B-BC-DD-3A-32-56-2C-38-71-11-1A-8E-6D-32">
      <ModulePath>C:\WINDOWS\Microsoft.Net\assembly\GAC_MSIL\System.Xml\v4.0_4.0.0.0__b77a5c561934e089\System.Xml.dll</ModulePath>
      <ModuleTime>2018-04-11T23:35:17.0290261Z</ModuleTime>
      <ModuleName>System.Xml</ModuleName>
      <Classes />
    </Module>
    <Module skippedDueTo="Filter" hash="3A-73-A1-C9-77-A2-4B-0D-EE-93-92-04-28-0A-E5-0F-7B-06-36-12">
      <ModulePath>C:\WINDOWS\Microsoft.Net\assembly\GAC_64\System.Web\v4.0_4.0.0.0__b03f5f7f11d50a3a\System.Web.dll</ModulePath>
      <ModuleTime>2018-11-16T16:41:35.0071154Z</ModuleTime>
      <ModuleName>System.Web</ModuleName>
      <Classes />
    </Module>
    <Module skippedDueTo="Filter" hash="7C-26-06-1C-0A-29-02-E5-32-A6-26-CA-D2-F5-06-AA-A1-3B-9C-8F">
      <ModulePath>C:\Users\Admin\Desktop\.NET projects\ProjMngrApp\ProjMgrSPA\packages\NUnit.ConsoleRunner.3.9.0\tools\Mono.Cecil.dll</ModulePath>
      <ModuleTime>2018-09-05T14:48:28Z</ModuleTime>
      <ModuleName>Mono.Cecil</ModuleName>
      <Classes />
    </Module>
    <Module skippedDueTo="Filter" hash="D8-D0-AA-44-01-A4-68-06-BB-05-E0-D9-50-C0-0E-34-3C-7C-4B-7C">
      <ModulePath>C:\WINDOWS\Microsoft.Net\assembly\GAC_MSIL\System.Core\v4.0_4.0.0.0__b77a5c561934e089\System.Core.dll</ModulePath>
      <ModuleTime>2018-09-11T01:30:33.1251512Z</ModuleTime>
      <ModuleName>System.Core</ModuleName>
      <Classes />
    </Module>
    <Module skippedDueTo="Filter" hash="B5-2C-52-19-7F-DE-8E-1A-EE-7C-F3-4D-31-FC-77-A2-C4-49-EE-AB">
      <ModulePath>C:\WINDOWS\Microsoft.Net\assembly\GAC_MSIL\System.Runtime.Remoting\v4.0_4.0.0.0__b77a5c561934e089\System.Runtime.Remoting.dll</ModulePath>
      <ModuleTime>2018-04-11T23:35:17.0134Z</ModuleTime>
      <ModuleName>System.Runtime.Remoting</ModuleName>
      <Classes />
    </Module>
    <Module skippedDueTo="Filter" hash="2A-F4-1C-14-5D-7A-74-B3-03-8B-1D-2A-59-DC-B6-BE-1D-C8-EF-54">
      <ModulePath>C:\WINDOWS\Microsoft.Net\assembly\GAC_MSIL\System.Configuration\v4.0_4.0.0.0__b03f5f7f11d50a3a\System.Configuration.dll</ModulePath>
      <ModuleTime>2018-04-11T23:35:16.9508953Z</ModuleTime>
      <ModuleName>System.Configuration</ModuleName>
      <Classes />
    </Module>
    <Module skippedDueTo="Filter" hash="FD-6B-2D-18-7D-9E-B0-6F-C4-03-61-A8-DC-75-CD-98-65-5F-2D-B5">
      <ModulePath>C:\WINDOWS\Microsoft.Net\assembly\GAC_64\mscorlib\v4.0_4.0.0.0__b77a5c561934e089\mscorlib.dll</ModulePath>
      <ModuleTime>2018-10-11T06:37:59.7116576Z</ModuleTime>
      <ModuleName>mscorlib</ModuleName>
      <Classes />
    </Module>
    <Module skippedDueTo="Filter" hash="D0-28-87-1E-9F-96-03-5C-DD-6C-EE-2A-08-04-43-0E-24-28-FE-11">
      <ModulePath>C:\Users\Admin\Desktop\.NET projects\ProjMngrApp\ProjMgrSPA\packages\NUnit.ConsoleRunner.3.9.0\tools\nunit-agent.exe</ModulePath>
      <ModuleTime>2018-09-05T14:48:28Z</ModuleTime>
      <ModuleName>nunit-agent</ModuleName>
      <Classes />
    </Module>
    <Module skippedDueTo="Filter" hash="0A-47-64-32-4B-83-DF-99-42-5A-C7-DE-DA-21-E5-6C-A1-90-50-AC">
      <ModulePath>C:\Users\Admin\Desktop\.NET projects\ProjMngrApp\ProjMgrSPA\packages\NUnit.ConsoleRunner.3.9.0\tools\nunit.engine.api.dll</ModulePath>
      <ModuleTime>2018-09-05T14:48:28Z</ModuleTime>
      <ModuleName>nunit.engine.api</ModuleName>
      <Classes />
    </Module>
    <Module skippedDueTo="Filter" hash="D5-00-67-52-C5-AF-05-06-2D-35-DF-4F-C4-22-51-88-35-4A-CD-00">
      <ModulePath>C:\Users\Admin\Desktop\.NET projects\ProjMngrApp\ProjMgrSPA\packages\NUnit.ConsoleRunner.3.9.0\tools\nunit.engine.dll</ModulePath>
      <ModuleTime>2018-09-05T14:48:28Z</ModuleTime>
      <ModuleName>nunit.engine</ModuleName>
      <Classes />
    </Module>
    <Module skippedDueTo="Filter" hash="BA-D5-C6-DC-0C-59-DA-6B-C8-40-22-29-40-86-10-C6-40-6D-57-E5">
      <ModulePath>C:\WINDOWS\Microsoft.Net\assembly\GAC_MSIL\System\v4.0_4.0.0.0__b77a5c561934e089\System.dll</ModulePath>
      <ModuleTime>2018-08-14T02:15:16.7427109Z</ModuleTime>
      <ModuleName>System</ModuleName>
      <Classes />
    </Module>
    <Module skippedDueTo="Filter" hash="F2-26-5B-FA-55-E9-5B-BC-DD-3A-32-56-2C-38-71-11-1A-8E-6D-32">
      <ModulePath>C:\WINDOWS\Microsoft.Net\assembly\GAC_MSIL\System.Xml\v4.0_4.0.0.0__b77a5c561934e089\System.Xml.dll</ModulePath>
      <ModuleTime>2018-04-11T23:35:17.0290261Z</ModuleTime>
      <ModuleName>System.Xml</ModuleName>
      <Classes />
    </Module>
    <Module skippedDueTo="Filter" hash="3A-73-A1-C9-77-A2-4B-0D-EE-93-92-04-28-0A-E5-0F-7B-06-36-12">
      <ModulePath>C:\WINDOWS\Microsoft.Net\assembly\GAC_64\System.Web\v4.0_4.0.0.0__b03f5f7f11d50a3a\System.Web.dll</ModulePath>
      <ModuleTime>2018-11-16T16:41:35.0071154Z</ModuleTime>
      <ModuleName>System.Web</ModuleName>
      <Classes />
    </Module>
    <Module skippedDueTo="Filter" hash="7C-26-06-1C-0A-29-02-E5-32-A6-26-CA-D2-F5-06-AA-A1-3B-9C-8F">
      <ModulePath>C:\Users\Admin\Desktop\.NET projects\ProjMngrApp\ProjMgrSPA\packages\NUnit.ConsoleRunner.3.9.0\tools\Mono.Cecil.dll</ModulePath>
      <ModuleTime>2018-09-05T14:48:28Z</ModuleTime>
      <ModuleName>Mono.Cecil</ModuleName>
      <Classes />
    </Module>
    <Module skippedDueTo="Filter" hash="D8-D0-AA-44-01-A4-68-06-BB-05-E0-D9-50-C0-0E-34-3C-7C-4B-7C">
      <ModulePath>C:\WINDOWS\Microsoft.Net\assembly\GAC_MSIL\System.Core\v4.0_4.0.0.0__b77a5c561934e089\System.Core.dll</ModulePath>
      <ModuleTime>2018-09-11T01:30:33.1251512Z</ModuleTime>
      <ModuleName>System.Core</ModuleName>
      <Classes />
    </Module>
    <Module skippedDueTo="Filter" hash="B5-2C-52-19-7F-DE-8E-1A-EE-7C-F3-4D-31-FC-77-A2-C4-49-EE-AB">
      <ModulePath>C:\WINDOWS\Microsoft.Net\assembly\GAC_MSIL\System.Runtime.Remoting\v4.0_4.0.0.0__b77a5c561934e089\System.Runtime.Remoting.dll</ModulePath>
      <ModuleTime>2018-04-11T23:35:17.0134Z</ModuleTime>
      <ModuleName>System.Runtime.Remoting</ModuleName>
      <Classes />
    </Module>
    <Module skippedDueTo="Filter" hash="2A-F4-1C-14-5D-7A-74-B3-03-8B-1D-2A-59-DC-B6-BE-1D-C8-EF-54">
      <ModulePath>C:\WINDOWS\Microsoft.Net\assembly\GAC_MSIL\System.Configuration\v4.0_4.0.0.0__b03f5f7f11d50a3a\System.Configuration.dll</ModulePath>
      <ModuleTime>2018-04-11T23:35:16.9508953Z</ModuleTime>
      <ModuleName>System.Configuration</ModuleName>
      <Classes />
    </Module>
    <Module skippedDueTo="Filter" hash="EE-92-34-AE-A6-A6-A8-2E-8A-34-A1-E4-20-3D-2A-23-C5-9D-D8-D2">
      <ModulePath>C:\Users\Admin\Desktop\.NET projects\ProjMngrApp\ProjMgrSPA\ProjMgrAPI.Tests\bin\Debug\nunit.framework.dll</ModulePath>
      <ModuleTime>2018-10-06T11:22:56Z</ModuleTime>
      <ModuleName>nunit.framework</ModuleName>
      <Classes />
    </Module>
    <Module skippedDueTo="Filter" hash="BA-D5-C6-DC-0C-59-DA-6B-C8-40-22-29-40-86-10-C6-40-6D-57-E5">
      <ModulePath>C:\WINDOWS\Microsoft.Net\assembly\GAC_MSIL\System\v4.0_4.0.0.0__b77a5c561934e089\System.dll</ModulePath>
      <ModuleTime>2018-08-14T02:15:16.7427109Z</ModuleTime>
      <ModuleName>System</ModuleName>
      <Classes />
    </Module>
    <Module skippedDueTo="Filter" hash="D8-D0-AA-44-01-A4-68-06-BB-05-E0-D9-50-C0-0E-34-3C-7C-4B-7C">
      <ModulePath>C:\WINDOWS\Microsoft.Net\assembly\GAC_MSIL\System.Core\v4.0_4.0.0.0__b77a5c561934e089\System.Core.dll</ModulePath>
      <ModuleTime>2018-09-11T01:30:33.1251512Z</ModuleTime>
      <ModuleName>System.Core</ModuleName>
      <Classes />
    </Module>
    <Module skippedDueTo="Filter" hash="3A-73-A1-C9-77-A2-4B-0D-EE-93-92-04-28-0A-E5-0F-7B-06-36-12">
      <ModulePath>C:\WINDOWS\Microsoft.Net\assembly\GAC_64\System.Web\v4.0_4.0.0.0__b03f5f7f11d50a3a\System.Web.dll</ModulePath>
      <ModuleTime>2018-11-16T16:41:35.0071154Z</ModuleTime>
      <ModuleName>System.Web</ModuleName>
      <Classes />
    </Module>
    <Module hash="E0-E7-BD-B7-8C-86-6E-83-02-AF-57-EC-C1-EE-77-0F-F0-84-A6-FF">
      <Summary numSequencePoints="276" visitedSequencePoints="276" numBranchPoints="47" visitedBranchPoints="47" sequenceCoverage="100" branchCoverage="100" maxCyclomaticComplexity="4" minCyclomaticComplexity="1" visitedClasses="6" numClasses="6" visitedMethods="47" numMethods="47" />
      <ModulePath>C:\Users\Admin\Desktop\.NET projects\ProjMngrApp\ProjMgrSPA\ProjMgrAPI.Tests\bin\Debug\ProjMgrAPI.Tests.dll</ModulePath>
      <ModuleTime>2018-12-27T17:28:35.9020355Z</ModuleTime>
      <ModuleName>ProjMgrAPI.Tests</ModuleName>
      <Files>
        <File uid="1" fullPath="C:\Users\Admin\Desktop\.NET projects\ProjMngrApp\ProjMgrSPA\ProjMgrAPI.Tests\Controllers\ProjectControllerTest.cs" />
        <File uid="3" fullPath="C:\Users\Admin\Desktop\.NET projects\ProjMngrApp\ProjMgrSPA\ProjMgrAPI.Tests\Controllers\TaskControllerTest.cs" />
        <File uid="5" fullPath="C:\Users\Admin\Desktop\.NET projects\ProjMngrApp\ProjMgrSPA\ProjMgrAPI.Tests\Controllers\ConfigTest.cs" />
        <File uid="6" fullPath="C:\Users\Admin\Desktop\.NET projects\ProjMngrApp\ProjMgrSPA\ProjMgrAPI.Tests\Controllers\UserControllerTest.cs" />
      </Files>
      <Classes>
        <Class>
          <Summary numSequencePoints="0" visitedSequencePoints="0" numBranchPoints="0" visitedBranchPoints="0" sequenceCoverage="0" branchCoverage="0" maxCyclomaticComplexity="0" minCyclomaticComplexity="0" visitedClasses="0" numClasses="0" visitedMethods="0" numMethods="0" />
          <FullName>&lt;Module&gt;</FullName>
          <Methods />
        </Class>
        <Class>
          <Summary numSequencePoints="69" visitedSequencePoints="69" numBranchPoints="10" visitedBranchPoints="10" sequenceCoverage="100" branchCoverage="100" maxCyclomaticComplexity="3" minCyclomaticComplexity="1" visitedClasses="1" numClasses="1" visitedMethods="10" numMethods="10" />
          <FullName>ProjMgrAPI.Tests.Controllers.ProjectControllerTest</FullName>
          <Methods>
            <Method visited="true" cyclomaticComplexity="1" nPathComplexity="0" sequenceCoverage="100" branchCoverage="100" isConstructor="false" isStatic="false" isGetter="true" isSetter="false">
              <Summary numSequencePoints="1" visitedSequencePoints="1" numBranchPoints="1" visitedBranchPoints="1" sequenceCoverage="100" branchCoverage="100" maxCyclomaticComplexity="1" minCyclomaticComplexity="1" visitedClasses="0" numClasses="0" visitedMethods="1" numMethods="1" />
              <MetadataToken>100663297</MetadataToken>
              <Name>System.Int32 ProjMgrAPI.Tests.Controllers.ProjectControllerTest::get_TestId()</Name>
              <FileRef uid="1" />
              <SequencePoints>
                <SequencePoint vc="1" uspid="1" ordinal="0" offset="0" sl="21" sc="30" el="21" ec="34" bec="0" bev="0" fileid="1" />
              </SequencePoints>
              <BranchPoints />
              <MethodPoint xsi:type="SequencePoint" vc="1" uspid="1" ordinal="0" offset="0" sl="21" sc="30" el="21" ec="34" bec="0" bev="0" fileid="1" />
            </Method>
            <Method visited="true" cyclomaticComplexity="1" nPathComplexity="0" sequenceCoverage="100" branchCoverage="100" isConstructor="false" isStatic="false" isGetter="false" isSetter="true">
              <Summary numSequencePoints="1" visitedSequencePoints="1" numBranchPoints="1" visitedBranchPoints="1" sequenceCoverage="100" branchCoverage="100" maxCyclomaticComplexity="1" minCyclomaticComplexity="1" visitedClasses="0" numClasses="0" visitedMethods="1" numMethods="1" />
              <MetadataToken>100663298</MetadataToken>
              <Name>System.Void ProjMgrAPI.Tests.Controllers.ProjectControllerTest::set_TestId(System.Int32)</Name>
              <FileRef uid="1" />
              <SequencePoints>
                <SequencePoint vc="1" uspid="2" ordinal="0" offset="0" sl="21" sc="35" el="21" ec="39" bec="0" bev="0" fileid="1" />
              </SequencePoints>
              <BranchPoints />
              <MethodPoint xsi:type="SequencePoint" vc="1" uspid="2" ordinal="0" offset="0" sl="21" sc="35" el="21" ec="39" bec="0" bev="0" fileid="1" />
            </Method>
            <Method visited="true" cyclomaticComplexity="1" nPathComplexity="0" sequenceCoverage="100" branchCoverage="100" isConstructor="false" isStatic="false" isGetter="false" isSetter="false">
              <Summary numSequencePoints="9" visitedSequencePoints="9" numBranchPoints="1" visitedBranchPoints="1" sequenceCoverage="100" branchCoverage="100" maxCyclomaticComplexity="1" minCyclomaticComplexity="1" visitedClasses="0" numClasses="0" visitedMethods="1" numMethods="1" />
              <MetadataToken>100663299</MetadataToken>
              <Name>System.Void ProjMgrAPI.Tests.Controllers.ProjectControllerTest::AddProjectTestMethod()</Name>
              <FileRef uid="1" />
              <SequencePoints>
                <SequencePoint vc="1" uspid="3" ordinal="0" offset="0" sl="25" sc="9" el="25" ec="10" bec="0" bev="0" fileid="1" />
                <SequencePoint vc="1" uspid="4" ordinal="1" offset="1" sl="26" sc="13" el="26" ec="53" bec="0" bev="0" fileid="1" />
                <SequencePoint vc="1" uspid="5" ordinal="2" offset="7" sl="29" sc="13" el="34" ec="15" bec="0" bev="0" fileid="1" />
                <SequencePoint vc="1" uspid="6" ordinal="3" offset="25" sl="37" sc="13" el="37" ec="70" bec="0" bev="0" fileid="1" />
                <SequencePoint vc="1" uspid="7" ordinal="4" offset="33" sl="38" sc="13" el="38" ec="93" bec="0" bev="0" fileid="1" />
                <SequencePoint vc="1" uspid="8" ordinal="5" offset="40" sl="40" sc="13" el="40" ec="40" bec="0" bev="0" fileid="1" />
                <SequencePoint vc="1" uspid="9" ordinal="6" offset="47" sl="42" sc="13" el="42" ec="68" bec="0" bev="0" fileid="1" />
                <SequencePoint vc="1" uspid="10" ordinal="7" offset="64" sl="44" sc="13" el="44" ec="38" bec="0" bev="0" fileid="1" />
                <SequencePoint vc="1" uspid="11" ordinal="8" offset="77" sl="45" sc="9" el="45" ec="10" bec="0" bev="0" fileid="1" />
              </SequencePoints>
              <BranchPoints />
              <MethodPoint xsi:type="SequencePoint" vc="1" uspid="3" ordinal="0" offset="0" sl="25" sc="9" el="25" ec="10" bec="0" bev="0" fileid="1" />
            </Method>
            <Method visited="true" cyclomaticComplexity="1" nPathComplexity="0" sequenceCoverage="100" branchCoverage="100" isConstructor="false" isStatic="false" isGetter="false" isSetter="false">
              <Summary numSequencePoints="9" visitedSequencePoints="9" numBranchPoints="1" visitedBranchPoints="1" sequenceCoverage="100" branchCoverage="100" maxCyclomaticComplexity="1" minCyclomaticComplexity="1" visitedClasses="0" numClasses="0" visitedMethods="1" numMethods="1" />
              <MetadataToken>100663300</MetadataToken>
              <Name>System.Void ProjMgrAPI.Tests.Controllers.ProjectControllerTest::AddProjectTestMethod1()</Name>
              <FileRef uid="1" />
              <SequencePoints>
                <SequencePoint vc="1" uspid="12" ordinal="0" offset="0" sl="50" sc="9" el="50" ec="10" bec="0" bev="0" fileid="1" />
                <SequencePoint vc="1" uspid="13" ordinal="1" offset="1" sl="51" sc="13" el="51" ec="53" bec="0" bev="0" fileid="1" />
                <SequencePoint vc="1" uspid="14" ordinal="2" offset="7" sl="55" sc="13" el="62" ec="15" bec="0" bev="0" fileid="1" />
                <SequencePoint vc="1" uspid="15" ordinal="3" offset="73" sl="65" sc="13" el="65" ec="70" bec="0" bev="0" fileid="1" />
                <SequencePoint vc="1" uspid="16" ordinal="4" offset="81" sl="66" sc="13" el="66" ec="93" bec="0" bev="0" fileid="1" />
                <SequencePoint vc="1" uspid="17" ordinal="5" offset="88" sl="68" sc="13" el="68" ec="40" bec="0" bev="0" fileid="1" />
                <SequencePoint vc="1" uspid="18" ordinal="6" offset="95" sl="70" sc="13" el="70" ec="32" bec="0" bev="0" fileid="1" />
                <SequencePoint vc="1" uspid="19" ordinal="7" offset="102" sl="72" sc="13" el="72" ec="68" bec="0" bev="0" fileid="1" />
                <SequencePoint vc="1" uspid="20" ordinal="8" offset="119" sl="73" sc="9" el="73" ec="10" bec="0" bev="0" fileid="1" />
              </SequencePoints>
              <BranchPoints />
              <MethodPoint xsi:type="SequencePoint" vc="1" uspid="12" ordinal="0" offset="0" sl="50" sc="9" el="50" ec="10" bec="0" bev="0" fileid="1" />
            </Method>
            <Method visited="true" cyclomaticComplexity="3" nPathComplexity="0" sequenceCoverage="100" branchCoverage="100" isConstructor="false" isStatic="false" isGetter="false" isSetter="false">
              <Summary numSequencePoints="12" visitedSequencePoints="12" numBranchPoints="1" visitedBranchPoints="1" sequenceCoverage="100" branchCoverage="100" maxCyclomaticComplexity="3" minCyclomaticComplexity="3" visitedClasses="0" numClasses="0" visitedMethods="1" numMethods="1" />
              <MetadataToken>100663301</MetadataToken>
              <Name>System.Void ProjMgrAPI.Tests.Controllers.ProjectControllerTest::AddProjectTestMethod2()</Name>
              <FileRef uid="1" />
              <SequencePoints>
                <SequencePoint vc="1" uspid="21" ordinal="0" offset="0" sl="77" sc="9" el="77" ec="10" bec="0" bev="0" fileid="1" />
                <SequencePoint vc="1" uspid="22" ordinal="1" offset="1" sl="78" sc="13" el="78" ec="53" bec="0" bev="0" fileid="1" />
                <SequencePoint vc="1" uspid="23" ordinal="2" offset="7" sl="79" sc="13" el="79" ec="50" bec="0" bev="0" fileid="1" />
                <SequencePoint vc="1" uspid="24" ordinal="3" offset="13" sl="81" sc="13" el="83" ec="45" bec="0" bev="0" fileid="1" />
                <SequencePoint vc="1" uspid="25" ordinal="4" offset="97" sl="86" sc="13" el="86" ec="53" bec="0" bev="0" fileid="1" />
                <SequencePoint vc="1" uspid="26" ordinal="5" offset="111" sl="88" sc="13" el="95" ec="15" bec="0" bev="0" fileid="1" />
                <SequencePoint vc="1" uspid="27" ordinal="6" offset="197" sl="98" sc="13" el="98" ec="70" bec="0" bev="0" fileid="1" />
                <SequencePoint vc="1" uspid="28" ordinal="7" offset="207" sl="99" sc="13" el="99" ec="93" bec="0" bev="0" fileid="1" />
                <SequencePoint vc="1" uspid="29" ordinal="8" offset="216" sl="101" sc="13" el="101" ec="40" bec="0" bev="0" fileid="1" />
                <SequencePoint vc="1" uspid="30" ordinal="9" offset="224" sl="103" sc="13" el="103" ec="32" bec="0" bev="0" fileid="1" />
                <SequencePoint vc="1" uspid="31" ordinal="10" offset="231" sl="105" sc="13" el="105" ec="68" bec="0" bev="0" fileid="1" />
                <SequencePoint vc="1" uspid="32" ordinal="11" offset="249" sl="106" sc="9" el="106" ec="10" bec="0" bev="0" fileid="1" />
              </SequencePoints>
              <BranchPoints />
              <MethodPoint xsi:type="SequencePoint" vc="1" uspid="21" ordinal="0" offset="0" sl="77" sc="9" el="77" ec="10" bec="0" bev="0" fileid="1" />
            </Method>
            <Method visited="true" cyclomaticComplexity="1" nPathComplexity="0" sequenceCoverage="100" branchCoverage="100" isConstructor="false" isStatic="false" isGetter="false" isSetter="false">
              <Summary numSequencePoints="9" visitedSequencePoints="9" numBranchPoints="1" visitedBranchPoints="1" sequenceCoverage="100" branchCoverage="100" maxCyclomaticComplexity="1" minCyclomaticComplexity="1" visitedClasses="0" numClasses="0" visitedMethods="1" numMethods="1" />
              <MetadataToken>100663302</MetadataToken>
              <Name>System.Void ProjMgrAPI.Tests.Controllers.ProjectControllerTest::EditProjectTestMethod()</Name>
              <FileRef uid="1" />
              <SequencePoints>
                <SequencePoint vc="1" uspid="37" ordinal="0" offset="0" sl="110" sc="9" el="110" ec="10" bec="0" bev="0" fileid="1" />
                <SequencePoint vc="1" uspid="38" ordinal="1" offset="1" sl="111" sc="13" el="111" ec="53" bec="0" bev="0" fileid="1" />
                <SequencePoint vc="1" uspid="39" ordinal="2" offset="7" sl="114" sc="13" el="116" ec="35" bec="0" bev="0" fileid="1" />
                <SequencePoint vc="1" uspid="40" ordinal="3" offset="19" sl="120" sc="13" el="120" ec="43" bec="0" bev="0" fileid="1" />
                <SequencePoint vc="1" uspid="41" ordinal="4" offset="31" sl="124" sc="13" el="124" ec="86" bec="0" bev="0" fileid="1" />
                <SequencePoint vc="1" uspid="42" ordinal="5" offset="45" sl="125" sc="13" el="125" ec="63" bec="0" bev="0" fileid="1" />
                <SequencePoint vc="1" uspid="43" ordinal="6" offset="52" sl="127" sc="13" el="127" ec="40" bec="0" bev="0" fileid="1" />
                <SequencePoint vc="1" uspid="44" ordinal="7" offset="59" sl="129" sc="13" el="129" ec="81" bec="0" bev="0" fileid="1" />
                <SequencePoint vc="1" uspid="45" ordinal="8" offset="86" sl="130" sc="9" el="130" ec="10" bec="0" bev="0" fileid="1" />
              </SequencePoints>
              <BranchPoints />
              <MethodPoint xsi:type="SequencePoint" vc="1" uspid="37" ordinal="0" offset="0" sl="110" sc="9" el="110" ec="10" bec="0" bev="0" fileid="1" />
            </Method>
            <Method visited="true" cyclomaticComplexity="1" nPathComplexity="0" sequenceCoverage="100" branchCoverage="100" isConstructor="false" isStatic="false" isGetter="false" isSetter="false">
              <Summary numSequencePoints="8" visitedSequencePoints="8" numBranchPoints="1" visitedBranchPoints="1" sequenceCoverage="100" branchCoverage="100" maxCyclomaticComplexity="1" minCyclomaticComplexity="1" visitedClasses="0" numClasses="0" visitedMethods="1" numMethods="1" />
              <MetadataToken>100663303</MetadataToken>
              <Name>System.Void ProjMgrAPI.Tests.Controllers.ProjectControllerTest::GetProjectTestMethod()</Name>
              <FileRef uid="1" />
              <SequencePoints>
                <SequencePoint vc="1" uspid="46" ordinal="0" offset="0" sl="135" sc="9" el="135" ec="10" bec="0" bev="0" fileid="1" />
                <SequencePoint vc="1" uspid="47" ordinal="1" offset="1" sl="136" sc="13" el="136" ec="53" bec="0" bev="0" fileid="1" />
                <SequencePoint vc="1" uspid="48" ordinal="2" offset="7" sl="140" sc="13" el="142" ec="35" bec="0" bev="0" fileid="1" />
                <SequencePoint vc="1" uspid="49" ordinal="3" offset="19" sl="148" sc="13" el="148" ec="82" bec="0" bev="0" fileid="1" />
                <SequencePoint vc="1" uspid="50" ordinal="4" offset="32" sl="149" sc="13" el="149" ec="81" bec="0" bev="0" fileid="1" />
                <SequencePoint vc="1" uspid="51" ordinal="5" offset="39" sl="151" sc="13" el="151" ec="40" bec="0" bev="0" fileid="1" />
                <SequencePoint vc="1" uspid="52" ordinal="6" offset="46" sl="153" sc="13" el="153" ec="82" bec="0" bev="0" fileid="1" />
                <SequencePoint vc="1" uspid="53" ordinal="7" offset="79" sl="154" sc="9" el="154" ec="10" bec="0" bev="0" fileid="1" />
              </SequencePoints>
              <BranchPoints />
              <MethodPoint xsi:type="SequencePoint" vc="1" uspid="46" ordinal="0" offset="0" sl="135" sc="9" el="135" ec="10" bec="0" bev="0" fileid="1" />
            </Method>
            <Method visited="true" cyclomaticComplexity="1" nPathComplexity="0" sequenceCoverage="100" branchCoverage="100" isConstructor="false" isStatic="false" isGetter="false" isSetter="false">
              <Summary numSequencePoints="6" visitedSequencePoints="6" numBranchPoints="1" visitedBranchPoints="1" sequenceCoverage="100" branchCoverage="100" maxCyclomaticComplexity="1" minCyclomaticComplexity="1" visitedClasses="0" numClasses="0" visitedMethods="1" numMethods="1" />
              <MetadataToken>100663304</MetadataToken>
              <Name>System.Void ProjMgrAPI.Tests.Controllers.ProjectControllerTest::GetProjectsTestMethod()</Name>
              <FileRef uid="1" />
              <SequencePoints>
                <SequencePoint vc="1" uspid="54" ordinal="0" offset="0" sl="159" sc="9" el="159" ec="10" bec="0" bev="0" fileid="1" />
                <SequencePoint vc="1" uspid="55" ordinal="1" offset="1" sl="160" sc="13" el="160" ec="53" bec="0" bev="0" fileid="1" />
                <SequencePoint vc="1" uspid="56" ordinal="2" offset="7" sl="165" sc="13" el="165" ec="71" bec="0" bev="0" fileid="1" />
                <SequencePoint vc="1" uspid="57" ordinal="3" offset="19" sl="168" sc="13" el="168" ec="40" bec="0" bev="0" fileid="1" />
                <SequencePoint vc="1" uspid="58" ordinal="4" offset="26" sl="170" sc="13" el="170" ec="63" bec="0" bev="0" fileid="1" />
                <SequencePoint vc="1" uspid="59" ordinal="5" offset="54" sl="171" sc="9" el="171" ec="10" bec="0" bev="0" fileid="1" />
              </SequencePoints>
              <BranchPoints />
              <MethodPoint xsi:type="SequencePoint" vc="1" uspid="54" ordinal="0" offset="0" sl="159" sc="9" el="159" ec="10" bec="0" bev="0" fileid="1" />
            </Method>
            <Method visited="true" cyclomaticComplexity="1" nPathComplexity="0" sequenceCoverage="100" branchCoverage="100" isConstructor="false" isStatic="false" isGetter="false" isSetter="false">
              <Summary numSequencePoints="6" visitedSequencePoints="6" numBranchPoints="1" visitedBranchPoints="1" sequenceCoverage="100" branchCoverage="100" maxCyclomaticComplexity="1" minCyclomaticComplexity="1" visitedClasses="0" numClasses="0" visitedMethods="1" numMethods="1" />
              <MetadataToken>100663305</MetadataToken>
              <Name>System.Void ProjMgrAPI.Tests.Controllers.ProjectControllerTest::GetProjects2TestMethod()</Name>
              <FileRef uid="1" />
              <SequencePoints>
                <SequencePoint vc="1" uspid="60" ordinal="0" offset="0" sl="177" sc="9" el="177" ec="10" bec="0" bev="0" fileid="1" />
                <SequencePoint vc="1" uspid="61" ordinal="1" offset="1" sl="178" sc="13" el="178" ec="53" bec="0" bev="0" fileid="1" />
                <SequencePoint vc="1" uspid="62" ordinal="2" offset="7" sl="183" sc="13" el="183" ec="74" bec="0" bev="0" fileid="1" />
                <SequencePoint vc="1" uspid="63" ordinal="3" offset="19" sl="186" sc="13" el="186" ec="40" bec="0" bev="0" fileid="1" />
                <SequencePoint vc="1" uspid="64" ordinal="4" offset="26" sl="188" sc="13" el="188" ec="63" bec="0" bev="0" fileid="1" />
                <SequencePoint vc="1" uspid="65" ordinal="5" offset="54" sl="189" sc="9" el="189" ec="10" bec="0" bev="0" fileid="1" />
              </SequencePoints>
              <BranchPoints />
              <MethodPoint xsi:type="SequencePoint" vc="1" uspid="60" ordinal="0" offset="0" sl="177" sc="9" el="177" ec="10" bec="0" bev="0" fileid="1" />
            </Method>
            <Method visited="true" cyclomaticComplexity="1" nPathComplexity="0" sequenceCoverage="100" branchCoverage="100" isConstructor="false" isStatic="false" isGetter="false" isSetter="false">
              <Summary numSequencePoints="8" visitedSequencePoints="8" numBranchPoints="1" visitedBranchPoints="1" sequenceCoverage="100" branchCoverage="100" maxCyclomaticComplexity="1" minCyclomaticComplexity="1" visitedClasses="0" numClasses="0" visitedMethods="1" numMethods="1" />
              <MetadataToken>100663306</MetadataToken>
              <Name>System.Void ProjMgrAPI.Tests.Controllers.ProjectControllerTest::DeleteProjectTestMethod()</Name>
              <FileRef uid="1" />
              <SequencePoints>
                <SequencePoint vc="1" uspid="66" ordinal="0" offset="0" sl="195" sc="9" el="195" ec="10" bec="0" bev="0" fileid="1" />
                <SequencePoint vc="1" uspid="67" ordinal="1" offset="1" sl="196" sc="13" el="196" ec="53" bec="0" bev="0" fileid="1" />
                <SequencePoint vc="1" uspid="68" ordinal="2" offset="7" sl="198" sc="13" el="198" ec="33" bec="0" bev="0" fileid="1" />
                <SequencePoint vc="1" uspid="69" ordinal="3" offset="14" sl="203" sc="13" el="203" ec="60" bec="0" bev="0" fileid="1" />
                <SequencePoint vc="1" uspid="70" ordinal="4" offset="22" sl="205" sc="13" el="205" ec="81" bec="0" bev="0" fileid="1" />
                <SequencePoint vc="1" uspid="71" ordinal="5" offset="29" sl="207" sc="13" el="207" ec="40" bec="0" bev="0" fileid="1" />
                <SequencePoint vc="1" uspid="72" ordinal="6" offset="36" sl="209" sc="13" el="209" ec="71" bec="0" bev="0" fileid="1" />
                <SequencePoint vc="1" uspid="73" ordinal="7" offset="64" sl="212" sc="9" el="212" ec="10" bec="0" bev="0" fileid="1" />
              </SequencePoints>
              <BranchPoints />
              <MethodPoint xsi:type="SequencePoint" vc="1" uspid="66" ordinal="0" offset="0" sl="195" sc="9" el="195" ec="10" bec="0" bev="0" fileid="1" />
            </Method>
            <Method visited="true" cyclomaticComplexity="1" nPathComplexity="0" sequenceCoverage="0" branchCoverage="0" isConstructor="true" isStatic="false" isGetter="false" isSetter="false">
              <Summary numSequencePoints="0" visitedSequencePoints="0" numBranchPoints="0" visitedBranchPoints="0" sequenceCoverage="0" branchCoverage="0" maxCyclomaticComplexity="1" minCyclomaticComplexity="1" visitedClasses="0" numClasses="0" visitedMethods="0" numMethods="0" />
              <MetadataToken>100663307</MetadataToken>
              <Name>System.Void ProjMgrAPI.Tests.Controllers.ProjectControllerTest::.ctor()</Name>
              <SequencePoints />
              <BranchPoints />
              <MethodPoint vc="1" uspid="74" ordinal="0" offset="0" />
            </Method>
          </Methods>
        </Class>
        <Class>
          <Summary numSequencePoints="2" visitedSequencePoints="2" numBranchPoints="2" visitedBranchPoints="2" sequenceCoverage="100" branchCoverage="100" maxCyclomaticComplexity="2" minCyclomaticComplexity="1" visitedClasses="1" numClasses="1" visitedMethods="2" numMethods="2" />
          <FullName>ProjMgrAPI.Tests.Controllers.ProjectControllerTest/&lt;&gt;c</FullName>
          <Methods>
            <Method visited="true" cyclomaticComplexity="1" nPathComplexity="0" sequenceCoverage="0" branchCoverage="0" isConstructor="true" isStatic="true" isGetter="false" isSetter="false">
              <Summary numSequencePoints="0" visitedSequencePoints="0" numBranchPoints="0" visitedBranchPoints="0" sequenceCoverage="0" branchCoverage="0" maxCyclomaticComplexity="1" minCyclomaticComplexity="1" visitedClasses="0" numClasses="0" visitedMethods="0" numMethods="0" />
              <MetadataToken>100663354</MetadataToken>
              <Name>System.Void ProjMgrAPI.Tests.Controllers.ProjectControllerTest/&lt;&gt;c::.cctor()</Name>
              <SequencePoints />
              <BranchPoints />
              <MethodPoint vc="1" uspid="75" ordinal="0" offset="0" />
            </Method>
            <Method visited="true" cyclomaticComplexity="1" nPathComplexity="0" sequenceCoverage="0" branchCoverage="0" isConstructor="true" isStatic="false" isGetter="false" isSetter="false">
              <Summary numSequencePoints="0" visitedSequencePoints="0" numBranchPoints="0" visitedBranchPoints="0" sequenceCoverage="0" branchCoverage="0" maxCyclomaticComplexity="1" minCyclomaticComplexity="1" visitedClasses="0" numClasses="0" visitedMethods="0" numMethods="0" />
              <MetadataToken>100663355</MetadataToken>
              <Name>System.Void ProjMgrAPI.Tests.Controllers.ProjectControllerTest/&lt;&gt;c::.ctor()</Name>
              <SequencePoints />
              <BranchPoints />
              <MethodPoint vc="1" uspid="76" ordinal="0" offset="0" />
            </Method>
            <Method visited="true" cyclomaticComplexity="2" nPathComplexity="0" sequenceCoverage="100" branchCoverage="100" isConstructor="false" isStatic="false" isGetter="false" isSetter="false">
              <Summary numSequencePoints="1" visitedSequencePoints="1" numBranchPoints="1" visitedBranchPoints="1" sequenceCoverage="100" branchCoverage="100" maxCyclomaticComplexity="2" minCyclomaticComplexity="2" visitedClasses="0" numClasses="0" visitedMethods="1" numMethods="1" />
              <MetadataToken>100663356</MetadataToken>
              <Name>System.Boolean ProjMgrAPI.Tests.Controllers.ProjectControllerTest/&lt;&gt;c::&lt;AddProjectTestMethod2&gt;b__6_0(ProjMgrAPI.Models.user)</Name>
              <FileRef uid="1" />
              <SequencePoints>
                <SequencePoint vc="1676" uspid="77" ordinal="0" offset="0" sl="82" sc="35" el="82" ec="70" bec="0" bev="0" fileid="1" />
              </SequencePoints>
              <BranchPoints />
              <MethodPoint xsi:type="SequencePoint" vc="1676" uspid="77" ordinal="0" offset="0" sl="82" sc="35" el="82" ec="70" bec="0" bev="0" fileid="1" />
            </Method>
            <Method visited="true" cyclomaticComplexity="1" nPathComplexity="0" sequenceCoverage="100" branchCoverage="100" isConstructor="false" isStatic="false" isGetter="false" isSetter="false">
              <Summary numSequencePoints="1" visitedSequencePoints="1" numBranchPoints="1" visitedBranchPoints="1" sequenceCoverage="100" branchCoverage="100" maxCyclomaticComplexity="1" minCyclomaticComplexity="1" visitedClasses="0" numClasses="0" visitedMethods="1" numMethods="1" />
              <MetadataToken>100663357</MetadataToken>
              <Name>System.Int32 ProjMgrAPI.Tests.Controllers.ProjectControllerTest/&lt;&gt;c::&lt;AddProjectTestMethod2&gt;b__6_1(ProjMgrAPI.Models.user)</Name>
              <FileRef uid="1" />
              <SequencePoints>
                <SequencePoint vc="1646" uspid="80" ordinal="0" offset="0" sl="83" sc="34" el="83" ec="43" bec="0" bev="0" fileid="1" />
              </SequencePoints>
              <BranchPoints />
              <MethodPoint xsi:type="SequencePoint" vc="1646" uspid="80" ordinal="0" offset="0" sl="83" sc="34" el="83" ec="43" bec="0" bev="0" fileid="1" />
            </Method>
          </Methods>
        </Class>
        <Class>
          <Summary numSequencePoints="105" visitedSequencePoints="105" numBranchPoints="12" visitedBranchPoints="12" sequenceCoverage="100" branchCoverage="100" maxCyclomaticComplexity="4" minCyclomaticComplexity="1" visitedClasses="1" numClasses="1" visitedMethods="12" numMethods="12" />
          <FullName>ProjMgrAPI.Tests.Controllers.TaskControllerTest</FullName>
          <Methods>
            <Method visited="true" cyclomaticComplexity="1" nPathComplexity="0" sequenceCoverage="100" branchCoverage="100" isConstructor="false" isStatic="false" isGetter="true" isSetter="false">
              <Summary numSequencePoints="1" visitedSequencePoints="1" numBranchPoints="1" visitedBranchPoints="1" sequenceCoverage="100" branchCoverage="100" maxCyclomaticComplexity="1" minCyclomaticComplexity="1" visitedClasses="0" numClasses="0" visitedMethods="1" numMethods="1" />
              <MetadataToken>100663308</MetadataToken>
              <Name>System.Int32 ProjMgrAPI.Tests.Controllers.TaskControllerTest::get_TestId()</Name>
              <FileRef uid="3" />
              <SequencePoints>
                <SequencePoint vc="1" uspid="81" ordinal="0" offset="0" sl="18" sc="30" el="18" ec="34" bec="0" bev="0" fileid="3" />
              </SequencePoints>
              <BranchPoints />
              <MethodPoint xsi:type="SequencePoint" vc="1" uspid="81" ordinal="0" offset="0" sl="18" sc="30" el="18" ec="34" bec="0" bev="0" fileid="3" />
            </Method>
            <Method visited="true" cyclomaticComplexity="1" nPathComplexity="0" sequenceCoverage="100" branchCoverage="100" isConstructor="false" isStatic="false" isGetter="false" isSetter="true">
              <Summary numSequencePoints="1" visitedSequencePoints="1" numBranchPoints="1" visitedBranchPoints="1" sequenceCoverage="100" branchCoverage="100" maxCyclomaticComplexity="1" minCyclomaticComplexity="1" visitedClasses="0" numClasses="0" visitedMethods="1" numMethods="1" />
              <MetadataToken>100663309</MetadataToken>
              <Name>System.Void ProjMgrAPI.Tests.Controllers.TaskControllerTest::set_TestId(System.Int32)</Name>
              <FileRef uid="3" />
              <SequencePoints>
                <SequencePoint vc="1" uspid="82" ordinal="0" offset="0" sl="18" sc="35" el="18" ec="39" bec="0" bev="0" fileid="3" />
              </SequencePoints>
              <BranchPoints />
              <MethodPoint xsi:type="SequencePoint" vc="1" uspid="82" ordinal="0" offset="0" sl="18" sc="35" el="18" ec="39" bec="0" bev="0" fileid="3" />
            </Method>
            <Method visited="true" cyclomaticComplexity="1" nPathComplexity="0" sequenceCoverage="100" branchCoverage="100" isConstructor="false" isStatic="false" isGetter="false" isSetter="false">
              <Summary numSequencePoints="9" visitedSequencePoints="9" numBranchPoints="1" visitedBranchPoints="1" sequenceCoverage="100" branchCoverage="100" maxCyclomaticComplexity="1" minCyclomaticComplexity="1" visitedClasses="0" numClasses="0" visitedMethods="1" numMethods="1" />
              <MetadataToken>100663310</MetadataToken>
              <Name>System.Void ProjMgrAPI.Tests.Controllers.TaskControllerTest::AddParentTaskTestMethod()</Name>
              <FileRef uid="3" />
              <SequencePoints>
                <SequencePoint vc="1" uspid="83" ordinal="0" offset="0" sl="22" sc="9" el="22" ec="10" bec="0" bev="0" fileid="3" />
                <SequencePoint vc="1" uspid="84" ordinal="1" offset="1" sl="23" sc="13" el="23" ec="51" bec="0" bev="0" fileid="3" />
                <SequencePoint vc="1" uspid="85" ordinal="2" offset="7" sl="28" sc="13" el="28" ec="80" bec="0" bev="0" fileid="3" />
                <SequencePoint vc="1" uspid="86" ordinal="3" offset="25" sl="32" sc="13" el="32" ec="73" bec="0" bev="0" fileid="3" />
                <SequencePoint vc="1" uspid="87" ordinal="4" offset="33" sl="33" sc="13" el="33" ec="97" bec="0" bev="0" fileid="3" />
                <SequencePoint vc="1" uspid="88" ordinal="5" offset="40" sl="35" sc="13" el="35" ec="40" bec="0" bev="0" fileid="3" />
                <SequencePoint vc="1" uspid="89" ordinal="6" offset="47" sl="36" sc="13" el="36" ec="32" bec="0" bev="0" fileid="3" />
                <SequencePoint vc="1" uspid="90" ordinal="7" offset="54" sl="38" sc="13" el="38" ec="68" bec="0" bev="0" fileid="3" />
                <SequencePoint vc="1" uspid="91" ordinal="8" offset="71" sl="39" sc="9" el="39" ec="10" bec="0" bev="0" fileid="3" />
              </SequencePoints>
              <BranchPoints />
              <MethodPoint xsi:type="SequencePoint" vc="1" uspid="83" ordinal="0" offset="0" sl="22" sc="9" el="22" ec="10" bec="0" bev="0" fileid="3" />
            </Method>
            <Method visited="true" cyclomaticComplexity="4" nPathComplexity="0" sequenceCoverage="100" branchCoverage="100" isConstructor="false" isStatic="false" isGetter="false" isSetter="false">
              <Summary numSequencePoints="13" visitedSequencePoints="13" numBranchPoints="1" visitedBranchPoints="1" sequenceCoverage="100" branchCoverage="100" maxCyclomaticComplexity="4" minCyclomaticComplexity="4" visitedClasses="0" numClasses="0" visitedMethods="1" numMethods="1" />
              <MetadataToken>100663311</MetadataToken>
              <Name>System.Void ProjMgrAPI.Tests.Controllers.TaskControllerTest::AddTaskTestMethod2()</Name>
              <FileRef uid="3" />
              <SequencePoints>
                <SequencePoint vc="1" uspid="92" ordinal="0" offset="0" sl="45" sc="9" el="45" ec="10" bec="0" bev="0" fileid="3" />
                <SequencePoint vc="1" uspid="93" ordinal="1" offset="1" sl="46" sc="13" el="46" ec="50" bec="0" bev="0" fileid="3" />
                <SequencePoint vc="1" uspid="94" ordinal="2" offset="7" sl="48" sc="13" el="48" ec="53" bec="0" bev="0" fileid="3" />
                <SequencePoint vc="1" uspid="95" ordinal="3" offset="13" sl="49" sc="13" el="49" ec="52" bec="0" bev="0" fileid="3" />
                <SequencePoint vc="1" uspid="96" ordinal="4" offset="19" sl="53" sc="13" el="55" ec="50" bec="0" bev="0" fileid="3" />
                <SequencePoint vc="1" uspid="97" ordinal="5" offset="103" sl="57" sc="13" el="59" ec="48" bec="0" bev="0" fileid="3" />
                <SequencePoint vc="1" uspid="98" ordinal="6" offset="152" sl="62" sc="13" el="73" ec="15" bec="0" bev="0" fileid="3" />
                <SequencePoint vc="1" uspid="99" ordinal="7" offset="275" sl="77" sc="13" el="77" ec="66" bec="0" bev="0" fileid="3" />
                <SequencePoint vc="1" uspid="100" ordinal="8" offset="285" sl="78" sc="13" el="78" ec="90" bec="0" bev="0" fileid="3" />
                <SequencePoint vc="1" uspid="101" ordinal="9" offset="294" sl="80" sc="13" el="80" ec="40" bec="0" bev="0" fileid="3" />
                <SequencePoint vc="1" uspid="102" ordinal="10" offset="302" sl="81" sc="13" el="81" ec="32" bec="0" bev="0" fileid="3" />
                <SequencePoint vc="1" uspid="103" ordinal="11" offset="309" sl="83" sc="13" el="83" ec="68" bec="0" bev="0" fileid="3" />
                <SequencePoint vc="1" uspid="104" ordinal="12" offset="327" sl="84" sc="9" el="84" ec="10" bec="0" bev="0" fileid="3" />
              </SequencePoints>
              <BranchPoints />
              <MethodPoint xsi:type="SequencePoint" vc="1" uspid="92" ordinal="0" offset="0" sl="45" sc="9" el="45" ec="10" bec="0" bev="0" fileid="3" />
            </Method>
            <Method visited="true" cyclomaticComplexity="1" nPathComplexity="0" sequenceCoverage="100" branchCoverage="100" isConstructor="false" isStatic="false" isGetter="false" isSetter="false">
              <Summary numSequencePoints="10" visitedSequencePoints="10" numBranchPoints="1" visitedBranchPoints="1" sequenceCoverage="100" branchCoverage="100" maxCyclomaticComplexity="1" minCyclomaticComplexity="1" visitedClasses="0" numClasses="0" visitedMethods="1" numMethods="1" />
              <MetadataToken>100663312</MetadataToken>
              <Name>System.Void ProjMgrAPI.Tests.Controllers.TaskControllerTest::AddTaskTestMethod1()</Name>
              <FileRef uid="3" />
              <SequencePoints>
                <SequencePoint vc="1" uspid="111" ordinal="0" offset="0" sl="90" sc="9" el="90" ec="10" bec="0" bev="0" fileid="3" />
                <SequencePoint vc="1" uspid="112" ordinal="1" offset="1" sl="91" sc="13" el="91" ec="50" bec="0" bev="0" fileid="3" />
                <SequencePoint vc="1" uspid="113" ordinal="2" offset="7" sl="96" sc="13" el="105" ec="15" bec="0" bev="0" fileid="3" />
                <SequencePoint vc="1" uspid="114" ordinal="3" offset="103" sl="109" sc="13" el="109" ec="66" bec="0" bev="0" fileid="3" />
                <SequencePoint vc="1" uspid="115" ordinal="4" offset="111" sl="110" sc="13" el="110" ec="90" bec="0" bev="0" fileid="3" />
                <SequencePoint vc="1" uspid="116" ordinal="5" offset="118" sl="112" sc="13" el="112" ec="40" bec="0" bev="0" fileid="3" />
                <SequencePoint vc="1" uspid="117" ordinal="6" offset="125" sl="113" sc="13" el="113" ec="32" bec="0" bev="0" fileid="3" />
                <SequencePoint vc="1" uspid="118" ordinal="7" offset="132" sl="115" sc="13" el="115" ec="68" bec="0" bev="0" fileid="3" />
                <SequencePoint vc="1" uspid="119" ordinal="8" offset="149" sl="117" sc="13" el="117" ec="34" bec="0" bev="0" fileid="3" />
                <SequencePoint vc="1" uspid="120" ordinal="9" offset="162" sl="118" sc="9" el="118" ec="10" bec="0" bev="0" fileid="3" />
              </SequencePoints>
              <BranchPoints />
              <MethodPoint xsi:type="SequencePoint" vc="1" uspid="111" ordinal="0" offset="0" sl="90" sc="9" el="90" ec="10" bec="0" bev="0" fileid="3" />
            </Method>
            <Method visited="true" cyclomaticComplexity="4" nPathComplexity="0" sequenceCoverage="100" branchCoverage="100" isConstructor="false" isStatic="false" isGetter="false" isSetter="false">
              <Summary numSequencePoints="16" visitedSequencePoints="16" numBranchPoints="1" visitedBranchPoints="1" sequenceCoverage="100" branchCoverage="100" maxCyclomaticComplexity="4" minCyclomaticComplexity="4" visitedClasses="0" numClasses="0" visitedMethods="1" numMethods="1" />
              <MetadataToken>100663313</MetadataToken>
              <Name>System.Void ProjMgrAPI.Tests.Controllers.TaskControllerTest::AddTaskTestMethod()</Name>
              <FileRef uid="3" />
              <SequencePoints>
                <SequencePoint vc="1" uspid="121" ordinal="0" offset="0" sl="123" sc="9" el="123" ec="10" bec="0" bev="0" fileid="3" />
                <SequencePoint vc="1" uspid="122" ordinal="1" offset="1" sl="124" sc="13" el="124" ec="50" bec="0" bev="0" fileid="3" />
                <SequencePoint vc="1" uspid="123" ordinal="2" offset="7" sl="126" sc="13" el="126" ec="50" bec="0" bev="0" fileid="3" />
                <SequencePoint vc="1" uspid="124" ordinal="3" offset="13" sl="127" sc="13" el="129" ec="43" bec="0" bev="0" fileid="3" />
                <SequencePoint vc="1" uspid="125" ordinal="4" offset="85" sl="132" sc="13" el="132" ec="53" bec="0" bev="0" fileid="3" />
                <SequencePoint vc="1" uspid="126" ordinal="5" offset="99" sl="134" sc="13" el="134" ec="53" bec="0" bev="0" fileid="3" />
                <SequencePoint vc="1" uspid="127" ordinal="6" offset="106" sl="135" sc="13" el="135" ec="52" bec="0" bev="0" fileid="3" />
                <SequencePoint vc="1" uspid="128" ordinal="7" offset="113" sl="139" sc="13" el="141" ec="50" bec="0" bev="0" fileid="3" />
                <SequencePoint vc="1" uspid="129" ordinal="8" offset="199" sl="143" sc="13" el="145" ec="48" bec="0" bev="0" fileid="3" />
                <SequencePoint vc="1" uspid="130" ordinal="9" offset="249" sl="148" sc="13" el="159" ec="15" bec="0" bev="0" fileid="3" />
                <SequencePoint vc="1" uspid="131" ordinal="10" offset="393" sl="163" sc="13" el="163" ec="66" bec="0" bev="0" fileid="3" />
                <SequencePoint vc="1" uspid="132" ordinal="11" offset="403" sl="164" sc="13" el="164" ec="90" bec="0" bev="0" fileid="3" />
                <SequencePoint vc="1" uspid="133" ordinal="12" offset="412" sl="166" sc="13" el="166" ec="40" bec="0" bev="0" fileid="3" />
                <SequencePoint vc="1" uspid="134" ordinal="13" offset="420" sl="167" sc="13" el="167" ec="32" bec="0" bev="0" fileid="3" />
                <SequencePoint vc="1" uspid="135" ordinal="14" offset="427" sl="169" sc="13" el="169" ec="68" bec="0" bev="0" fileid="3" />
                <SequencePoint vc="1" uspid="136" ordinal="15" offset="445" sl="170" sc="9" el="170" ec="10" bec="0" bev="0" fileid="3" />
              </SequencePoints>
              <BranchPoints />
              <MethodPoint xsi:type="SequencePoint" vc="1" uspid="121" ordinal="0" offset="0" sl="123" sc="9" el="123" ec="10" bec="0" bev="0" fileid="3" />
            </Method>
            <Method visited="true" cyclomaticComplexity="2" nPathComplexity="0" sequenceCoverage="100" branchCoverage="100" isConstructor="false" isStatic="false" isGetter="false" isSetter="false">
              <Summary numSequencePoints="19" visitedSequencePoints="19" numBranchPoints="1" visitedBranchPoints="1" sequenceCoverage="100" branchCoverage="100" maxCyclomaticComplexity="2" minCyclomaticComplexity="2" visitedClasses="0" numClasses="0" visitedMethods="1" numMethods="1" />
              <MetadataToken>100663314</MetadataToken>
              <Name>System.Void ProjMgrAPI.Tests.Controllers.TaskControllerTest::EditTaskTestMethod()</Name>
              <FileRef uid="3" />
              <SequencePoints>
                <SequencePoint vc="1" uspid="143" ordinal="0" offset="0" sl="174" sc="9" el="174" ec="10" bec="0" bev="0" fileid="3" />
                <SequencePoint vc="1" uspid="144" ordinal="1" offset="1" sl="178" sc="13" el="178" ec="53" bec="0" bev="0" fileid="3" />
                <SequencePoint vc="1" uspid="145" ordinal="2" offset="7" sl="179" sc="13" el="179" ec="52" bec="0" bev="0" fileid="3" />
                <SequencePoint vc="1" uspid="146" ordinal="3" offset="13" sl="180" sc="13" el="180" ec="49" bec="0" bev="0" fileid="3" />
                <SequencePoint vc="1" uspid="147" ordinal="4" offset="19" sl="184" sc="13" el="185" ec="77" bec="0" bev="0" fileid="3" />
                <SequencePoint vc="1" uspid="148" ordinal="5" offset="67" sl="188" sc="13" el="190" ec="48" bec="0" bev="0" fileid="3" />
                <SequencePoint vc="1" uspid="149" ordinal="6" offset="140" sl="192" sc="13" el="192" ec="50" bec="0" bev="0" fileid="3" />
                <SequencePoint vc="1" uspid="150" ordinal="7" offset="153" sl="194" sc="13" el="194" ec="36" bec="0" bev="0" fileid="3" />
                <SequencePoint vc="1" uspid="151" ordinal="8" offset="166" sl="195" sc="13" el="195" ec="41" bec="0" bev="0" fileid="3" />
                <SequencePoint vc="1" uspid="152" ordinal="9" offset="184" sl="196" sc="13" el="196" ec="50" bec="0" bev="0" fileid="3" />
                <SequencePoint vc="1" uspid="153" ordinal="10" offset="220" sl="198" sc="13" el="198" ec="30" bec="0" bev="0" fileid="3" />
                <SequencePoint vc="1" uspid="154" ordinal="11" offset="234" sl="199" sc="13" el="199" ec="33" bec="0" bev="0" fileid="3" />
                <SequencePoint vc="1" uspid="155" ordinal="12" offset="247" sl="201" sc="13" el="201" ec="48" bec="0" bev="0" fileid="3" />
                <SequencePoint vc="1" uspid="156" ordinal="13" offset="266" sl="202" sc="13" el="202" ec="38" bec="0" bev="0" fileid="3" />
                <SequencePoint vc="1" uspid="157" ordinal="14" offset="281" sl="207" sc="13" el="207" ec="77" bec="0" bev="0" fileid="3" />
                <SequencePoint vc="1" uspid="158" ordinal="15" offset="298" sl="208" sc="13" el="208" ec="63" bec="0" bev="0" fileid="3" />
                <SequencePoint vc="1" uspid="159" ordinal="16" offset="307" sl="210" sc="13" el="210" ec="40" bec="0" bev="0" fileid="3" />
                <SequencePoint vc="1" uspid="160" ordinal="17" offset="315" sl="212" sc="13" el="212" ec="81" bec="0" bev="0" fileid="3" />
                <SequencePoint vc="1" uspid="161" ordinal="18" offset="343" sl="213" sc="9" el="213" ec="10" bec="0" bev="0" fileid="3" />
              </SequencePoints>
              <BranchPoints />
              <MethodPoint xsi:type="SequencePoint" vc="1" uspid="143" ordinal="0" offset="0" sl="174" sc="9" el="174" ec="10" bec="0" bev="0" fileid="3" />
            </Method>
            <Method visited="true" cyclomaticComplexity="1" nPathComplexity="0" sequenceCoverage="100" branchCoverage="100" isConstructor="false" isStatic="false" isGetter="false" isSetter="false">
              <Summary numSequencePoints="8" visitedSequencePoints="8" numBranchPoints="1" visitedBranchPoints="1" sequenceCoverage="100" branchCoverage="100" maxCyclomaticComplexity="1" minCyclomaticComplexity="1" visitedClasses="0" numClasses="0" visitedMethods="1" numMethods="1" />
              <MetadataToken>100663315</MetadataToken>
              <Name>System.Void ProjMgrAPI.Tests.Controllers.TaskControllerTest::GetTaskTestMethod()</Name>
              <FileRef uid="3" />
              <SequencePoints>
                <SequencePoint vc="1" uspid="164" ordinal="0" offset="0" sl="218" sc="9" el="218" ec="10" bec="0" bev="0" fileid="3" />
                <SequencePoint vc="1" uspid="165" ordinal="1" offset="1" sl="219" sc="13" el="219" ec="49" bec="0" bev="0" fileid="3" />
                <SequencePoint vc="1" uspid="166" ordinal="2" offset="7" sl="222" sc="13" el="222" ec="50" bec="0" bev="0" fileid="3" />
                <SequencePoint vc="1" uspid="167" ordinal="3" offset="19" sl="225" sc="13" el="225" ec="72" bec="0" bev="0" fileid="3" />
                <SequencePoint vc="1" uspid="168" ordinal="4" offset="32" sl="226" sc="13" el="226" ec="78" bec="0" bev="0" fileid="3" />
                <SequencePoint vc="1" uspid="169" ordinal="5" offset="39" sl="228" sc="13" el="228" ec="40" bec="0" bev="0" fileid="3" />
                <SequencePoint vc="1" uspid="170" ordinal="6" offset="46" sl="230" sc="13" el="230" ec="73" bec="0" bev="0" fileid="3" />
                <SequencePoint vc="1" uspid="171" ordinal="7" offset="79" sl="231" sc="9" el="231" ec="10" bec="0" bev="0" fileid="3" />
              </SequencePoints>
              <BranchPoints />
              <MethodPoint xsi:type="SequencePoint" vc="1" uspid="164" ordinal="0" offset="0" sl="218" sc="9" el="218" ec="10" bec="0" bev="0" fileid="3" />
            </Method>
            <Method visited="true" cyclomaticComplexity="2" nPathComplexity="0" sequenceCoverage="100" branchCoverage="100" isConstructor="false" isStatic="false" isGetter="false" isSetter="false">
              <Summary numSequencePoints="8" visitedSequencePoints="8" numBranchPoints="1" visitedBranchPoints="1" sequenceCoverage="100" branchCoverage="100" maxCyclomaticComplexity="2" minCyclomaticComplexity="2" visitedClasses="0" numClasses="0" visitedMethods="1" numMethods="1" />
              <MetadataToken>100663316</MetadataToken>
              <Name>System.Void ProjMgrAPI.Tests.Controllers.TaskControllerTest::GetTasksTestMethod()</Name>
              <FileRef uid="3" />
              <SequencePoints>
                <SequencePoint vc="1" uspid="172" ordinal="0" offset="0" sl="235" sc="9" el="235" ec="10" bec="0" bev="0" fileid="3" />
                <SequencePoint vc="1" uspid="173" ordinal="1" offset="1" sl="236" sc="13" el="236" ec="50" bec="0" bev="0" fileid="3" />
                <SequencePoint vc="1" uspid="174" ordinal="2" offset="7" sl="237" sc="13" el="237" ec="53" bec="0" bev="0" fileid="3" />
                <SequencePoint vc="1" uspid="175" ordinal="3" offset="13" sl="240" sc="13" el="241" ec="74" bec="0" bev="0" fileid="3" />
                <SequencePoint vc="1" uspid="176" ordinal="4" offset="61" sl="247" sc="13" el="247" ec="82" bec="0" bev="0" fileid="3" />
                <SequencePoint vc="1" uspid="177" ordinal="5" offset="79" sl="250" sc="13" el="250" ec="40" bec="0" bev="0" fileid="3" />
                <SequencePoint vc="1" uspid="178" ordinal="6" offset="86" sl="252" sc="13" el="252" ec="63" bec="0" bev="0" fileid="3" />
                <SequencePoint vc="1" uspid="179" ordinal="7" offset="114" sl="253" sc="9" el="253" ec="10" bec="0" bev="0" fileid="3" />
              </SequencePoints>
              <BranchPoints />
              <MethodPoint xsi:type="SequencePoint" vc="1" uspid="172" ordinal="0" offset="0" sl="235" sc="9" el="235" ec="10" bec="0" bev="0" fileid="3" />
            </Method>
            <Method visited="true" cyclomaticComplexity="1" nPathComplexity="0" sequenceCoverage="100" branchCoverage="100" isConstructor="false" isStatic="false" isGetter="false" isSetter="false">
              <Summary numSequencePoints="6" visitedSequencePoints="6" numBranchPoints="1" visitedBranchPoints="1" sequenceCoverage="100" branchCoverage="100" maxCyclomaticComplexity="1" minCyclomaticComplexity="1" visitedClasses="0" numClasses="0" visitedMethods="1" numMethods="1" />
              <MetadataToken>100663317</MetadataToken>
              <Name>System.Void ProjMgrAPI.Tests.Controllers.TaskControllerTest::GetTasksTestMethod2()</Name>
              <FileRef uid="3" />
              <SequencePoints>
                <SequencePoint vc="1" uspid="182" ordinal="0" offset="0" sl="258" sc="9" el="258" ec="10" bec="0" bev="0" fileid="3" />
                <SequencePoint vc="1" uspid="183" ordinal="1" offset="1" sl="259" sc="13" el="259" ec="50" bec="0" bev="0" fileid="3" />
                <SequencePoint vc="1" uspid="184" ordinal="2" offset="7" sl="264" sc="13" el="264" ec="65" bec="0" bev="0" fileid="3" />
                <SequencePoint vc="1" uspid="185" ordinal="3" offset="19" sl="267" sc="13" el="267" ec="40" bec="0" bev="0" fileid="3" />
                <SequencePoint vc="1" uspid="186" ordinal="4" offset="26" sl="269" sc="13" el="269" ec="63" bec="0" bev="0" fileid="3" />
                <SequencePoint vc="1" uspid="187" ordinal="5" offset="54" sl="270" sc="9" el="270" ec="10" bec="0" bev="0" fileid="3" />
              </SequencePoints>
              <BranchPoints />
              <MethodPoint xsi:type="SequencePoint" vc="1" uspid="182" ordinal="0" offset="0" sl="258" sc="9" el="258" ec="10" bec="0" bev="0" fileid="3" />
            </Method>
            <Method visited="true" cyclomaticComplexity="1" nPathComplexity="0" sequenceCoverage="100" branchCoverage="100" isConstructor="false" isStatic="false" isGetter="false" isSetter="false">
              <Summary numSequencePoints="6" visitedSequencePoints="6" numBranchPoints="1" visitedBranchPoints="1" sequenceCoverage="100" branchCoverage="100" maxCyclomaticComplexity="1" minCyclomaticComplexity="1" visitedClasses="0" numClasses="0" visitedMethods="1" numMethods="1" />
              <MetadataToken>100663318</MetadataToken>
              <Name>System.Void ProjMgrAPI.Tests.Controllers.TaskControllerTest::GetParentTasksTestMethod()</Name>
              <FileRef uid="3" />
              <SequencePoints>
                <SequencePoint vc="1" uspid="188" ordinal="0" offset="0" sl="275" sc="9" el="275" ec="10" bec="0" bev="0" fileid="3" />
                <SequencePoint vc="1" uspid="189" ordinal="1" offset="1" sl="276" sc="13" el="276" ec="51" bec="0" bev="0" fileid="3" />
                <SequencePoint vc="1" uspid="190" ordinal="2" offset="7" sl="281" sc="13" el="281" ec="72" bec="0" bev="0" fileid="3" />
                <SequencePoint vc="1" uspid="191" ordinal="3" offset="19" sl="284" sc="13" el="284" ec="40" bec="0" bev="0" fileid="3" />
                <SequencePoint vc="1" uspid="192" ordinal="4" offset="26" sl="286" sc="13" el="286" ec="63" bec="0" bev="0" fileid="3" />
                <SequencePoint vc="1" uspid="193" ordinal="5" offset="54" sl="287" sc="9" el="287" ec="10" bec="0" bev="0" fileid="3" />
              </SequencePoints>
              <BranchPoints />
              <MethodPoint xsi:type="SequencePoint" vc="1" uspid="188" ordinal="0" offset="0" sl="275" sc="9" el="275" ec="10" bec="0" bev="0" fileid="3" />
            </Method>
            <Method visited="true" cyclomaticComplexity="1" nPathComplexity="0" sequenceCoverage="100" branchCoverage="100" isConstructor="false" isStatic="false" isGetter="false" isSetter="false">
              <Summary numSequencePoints="8" visitedSequencePoints="8" numBranchPoints="1" visitedBranchPoints="1" sequenceCoverage="100" branchCoverage="100" maxCyclomaticComplexity="1" minCyclomaticComplexity="1" visitedClasses="0" numClasses="0" visitedMethods="1" numMethods="1" />
              <MetadataToken>100663319</MetadataToken>
              <Name>System.Void ProjMgrAPI.Tests.Controllers.TaskControllerTest::DeleteTaskTestMethod()</Name>
              <FileRef uid="3" />
              <SequencePoints>
                <SequencePoint vc="1" uspid="194" ordinal="0" offset="0" sl="293" sc="9" el="293" ec="10" bec="0" bev="0" fileid="3" />
                <SequencePoint vc="1" uspid="195" ordinal="1" offset="1" sl="294" sc="13" el="294" ec="49" bec="0" bev="0" fileid="3" />
                <SequencePoint vc="1" uspid="196" ordinal="2" offset="7" sl="296" sc="13" el="296" ec="32" bec="0" bev="0" fileid="3" />
                <SequencePoint vc="1" uspid="197" ordinal="3" offset="14" sl="300" sc="13" el="300" ec="55" bec="0" bev="0" fileid="3" />
                <SequencePoint vc="1" uspid="198" ordinal="4" offset="22" sl="302" sc="13" el="302" ec="78" bec="0" bev="0" fileid="3" />
                <SequencePoint vc="1" uspid="199" ordinal="5" offset="29" sl="304" sc="13" el="304" ec="40" bec="0" bev="0" fileid="3" />
                <SequencePoint vc="1" uspid="200" ordinal="6" offset="36" sl="306" sc="13" el="306" ec="67" bec="0" bev="0" fileid="3" />
                <SequencePoint vc="1" uspid="201" ordinal="7" offset="64" sl="309" sc="9" el="309" ec="10" bec="0" bev="0" fileid="3" />
              </SequencePoints>
              <BranchPoints />
              <MethodPoint xsi:type="SequencePoint" vc="1" uspid="194" ordinal="0" offset="0" sl="293" sc="9" el="293" ec="10" bec="0" bev="0" fileid="3" />
            </Method>
            <Method visited="true" cyclomaticComplexity="1" nPathComplexity="0" sequenceCoverage="0" branchCoverage="0" isConstructor="true" isStatic="false" isGetter="false" isSetter="false">
              <Summary numSequencePoints="0" visitedSequencePoints="0" numBranchPoints="0" visitedBranchPoints="0" sequenceCoverage="0" branchCoverage="0" maxCyclomaticComplexity="1" minCyclomaticComplexity="1" visitedClasses="0" numClasses="0" visitedMethods="0" numMethods="0" />
              <MetadataToken>100663320</MetadataToken>
              <Name>System.Void ProjMgrAPI.Tests.Controllers.TaskControllerTest::.ctor()</Name>
              <SequencePoints />
              <BranchPoints />
              <MethodPoint vc="1" uspid="202" ordinal="0" offset="0" />
            </Method>
          </Methods>
        </Class>
        <Class>
          <Summary numSequencePoints="8" visitedSequencePoints="8" numBranchPoints="8" visitedBranchPoints="8" sequenceCoverage="100" branchCoverage="100" maxCyclomaticComplexity="2" minCyclomaticComplexity="1" visitedClasses="1" numClasses="1" visitedMethods="8" numMethods="8" />
          <FullName>ProjMgrAPI.Tests.Controllers.TaskControllerTest/&lt;&gt;c</FullName>
          <Methods>
            <Method visited="true" cyclomaticComplexity="1" nPathComplexity="0" sequenceCoverage="0" branchCoverage="0" isConstructor="true" isStatic="true" isGetter="false" isSetter="false">
              <Summary numSequencePoints="0" visitedSequencePoints="0" numBranchPoints="0" visitedBranchPoints="0" sequenceCoverage="0" branchCoverage="0" maxCyclomaticComplexity="1" minCyclomaticComplexity="1" visitedClasses="0" numClasses="0" visitedMethods="0" numMethods="0" />
              <MetadataToken>100663358</MetadataToken>
              <Name>System.Void ProjMgrAPI.Tests.Controllers.TaskControllerTest/&lt;&gt;c::.cctor()</Name>
              <SequencePoints />
              <BranchPoints />
              <MethodPoint vc="1" uspid="203" ordinal="0" offset="0" />
            </Method>
            <Method visited="true" cyclomaticComplexity="1" nPathComplexity="0" sequenceCoverage="0" branchCoverage="0" isConstructor="true" isStatic="false" isGetter="false" isSetter="false">
              <Summary numSequencePoints="0" visitedSequencePoints="0" numBranchPoints="0" visitedBranchPoints="0" sequenceCoverage="0" branchCoverage="0" maxCyclomaticComplexity="1" minCyclomaticComplexity="1" visitedClasses="0" numClasses="0" visitedMethods="0" numMethods="0" />
              <MetadataToken>100663359</MetadataToken>
              <Name>System.Void ProjMgrAPI.Tests.Controllers.TaskControllerTest/&lt;&gt;c::.ctor()</Name>
              <SequencePoints />
              <BranchPoints />
              <MethodPoint vc="1" uspid="204" ordinal="0" offset="0" />
            </Method>
            <Method visited="true" cyclomaticComplexity="2" nPathComplexity="0" sequenceCoverage="100" branchCoverage="100" isConstructor="false" isStatic="false" isGetter="false" isSetter="false">
              <Summary numSequencePoints="1" visitedSequencePoints="1" numBranchPoints="1" visitedBranchPoints="1" sequenceCoverage="100" branchCoverage="100" maxCyclomaticComplexity="2" minCyclomaticComplexity="2" visitedClasses="0" numClasses="0" visitedMethods="1" numMethods="1" />
              <MetadataToken>100663360</MetadataToken>
              <Name>System.Boolean ProjMgrAPI.Tests.Controllers.TaskControllerTest/&lt;&gt;c::&lt;AddTaskTestMethod2&gt;b__5_0(ProjMgrAPI.Models.project)</Name>
              <FileRef uid="3" />
              <SequencePoints>
                <SequencePoint vc="4175" uspid="205" ordinal="0" offset="0" sl="54" sc="38" el="54" ec="75" bec="0" bev="0" fileid="3" />
              </SequencePoints>
              <BranchPoints />
              <MethodPoint xsi:type="SequencePoint" vc="4175" uspid="205" ordinal="0" offset="0" sl="54" sc="38" el="54" ec="75" bec="0" bev="0" fileid="3" />
            </Method>
            <Method visited="true" cyclomaticComplexity="1" nPathComplexity="0" sequenceCoverage="100" branchCoverage="100" isConstructor="false" isStatic="false" isGetter="false" isSetter="false">
              <Summary numSequencePoints="1" visitedSequencePoints="1" numBranchPoints="1" visitedBranchPoints="1" sequenceCoverage="100" branchCoverage="100" maxCyclomaticComplexity="1" minCyclomaticComplexity="1" visitedClasses="0" numClasses="0" visitedMethods="1" numMethods="1" />
              <MetadataToken>100663361</MetadataToken>
              <Name>System.Int32 ProjMgrAPI.Tests.Controllers.TaskControllerTest/&lt;&gt;c::&lt;AddTaskTestMethod2&gt;b__5_1(ProjMgrAPI.Models.project)</Name>
              <FileRef uid="3" />
              <SequencePoints>
                <SequencePoint vc="4107" uspid="208" ordinal="0" offset="0" sl="55" sc="36" el="55" ec="48" bec="0" bev="0" fileid="3" />
              </SequencePoints>
              <BranchPoints />
              <MethodPoint xsi:type="SequencePoint" vc="4107" uspid="208" ordinal="0" offset="0" sl="55" sc="36" el="55" ec="48" bec="0" bev="0" fileid="3" />
            </Method>
            <Method visited="true" cyclomaticComplexity="1" nPathComplexity="0" sequenceCoverage="100" branchCoverage="100" isConstructor="false" isStatic="false" isGetter="false" isSetter="false">
              <Summary numSequencePoints="1" visitedSequencePoints="1" numBranchPoints="1" visitedBranchPoints="1" sequenceCoverage="100" branchCoverage="100" maxCyclomaticComplexity="1" minCyclomaticComplexity="1" visitedClasses="0" numClasses="0" visitedMethods="1" numMethods="1" />
              <MetadataToken>100663362</MetadataToken>
              <Name>System.Int32 ProjMgrAPI.Tests.Controllers.TaskControllerTest/&lt;&gt;c::&lt;AddTaskTestMethod2&gt;b__5_2(ProjMgrAPI.Models.parent_task)</Name>
              <FileRef uid="3" />
              <SequencePoints>
                <SequencePoint vc="21" uspid="209" ordinal="0" offset="0" sl="59" sc="35" el="59" ec="46" bec="0" bev="0" fileid="3" />
              </SequencePoints>
              <BranchPoints />
              <MethodPoint xsi:type="SequencePoint" vc="21" uspid="209" ordinal="0" offset="0" sl="59" sc="35" el="59" ec="46" bec="0" bev="0" fileid="3" />
            </Method>
            <Method visited="true" cyclomaticComplexity="2" nPathComplexity="0" sequenceCoverage="100" branchCoverage="100" isConstructor="false" isStatic="false" isGetter="false" isSetter="false">
              <Summary numSequencePoints="1" visitedSequencePoints="1" numBranchPoints="1" visitedBranchPoints="1" sequenceCoverage="100" branchCoverage="100" maxCyclomaticComplexity="2" minCyclomaticComplexity="2" visitedClasses="0" numClasses="0" visitedMethods="1" numMethods="1" />
              <MetadataToken>100663363</MetadataToken>
              <Name>System.Boolean ProjMgrAPI.Tests.Controllers.TaskControllerTest/&lt;&gt;c::&lt;AddTaskTestMethod&gt;b__7_0(ProjMgrAPI.Models.project)</Name>
              <FileRef uid="3" />
              <SequencePoints>
                <SequencePoint vc="4175" uspid="210" ordinal="0" offset="0" sl="140" sc="38" el="140" ec="75" bec="0" bev="0" fileid="3" />
              </SequencePoints>
              <BranchPoints />
              <MethodPoint xsi:type="SequencePoint" vc="4175" uspid="210" ordinal="0" offset="0" sl="140" sc="38" el="140" ec="75" bec="0" bev="0" fileid="3" />
            </Method>
            <Method visited="true" cyclomaticComplexity="1" nPathComplexity="0" sequenceCoverage="100" branchCoverage="100" isConstructor="false" isStatic="false" isGetter="false" isSetter="false">
              <Summary numSequencePoints="1" visitedSequencePoints="1" numBranchPoints="1" visitedBranchPoints="1" sequenceCoverage="100" branchCoverage="100" maxCyclomaticComplexity="1" minCyclomaticComplexity="1" visitedClasses="0" numClasses="0" visitedMethods="1" numMethods="1" />
              <MetadataToken>100663364</MetadataToken>
              <Name>System.Int32 ProjMgrAPI.Tests.Controllers.TaskControllerTest/&lt;&gt;c::&lt;AddTaskTestMethod&gt;b__7_1(ProjMgrAPI.Models.project)</Name>
              <FileRef uid="3" />
              <SequencePoints>
                <SequencePoint vc="4107" uspid="213" ordinal="0" offset="0" sl="141" sc="36" el="141" ec="48" bec="0" bev="0" fileid="3" />
              </SequencePoints>
              <BranchPoints />
              <MethodPoint xsi:type="SequencePoint" vc="4107" uspid="213" ordinal="0" offset="0" sl="141" sc="36" el="141" ec="48" bec="0" bev="0" fileid="3" />
            </Method>
            <Method visited="true" cyclomaticComplexity="1" nPathComplexity="0" sequenceCoverage="100" branchCoverage="100" isConstructor="false" isStatic="false" isGetter="false" isSetter="false">
              <Summary numSequencePoints="1" visitedSequencePoints="1" numBranchPoints="1" visitedBranchPoints="1" sequenceCoverage="100" branchCoverage="100" maxCyclomaticComplexity="1" minCyclomaticComplexity="1" visitedClasses="0" numClasses="0" visitedMethods="1" numMethods="1" />
              <MetadataToken>100663365</MetadataToken>
              <Name>System.Int32 ProjMgrAPI.Tests.Controllers.TaskControllerTest/&lt;&gt;c::&lt;AddTaskTestMethod&gt;b__7_2(ProjMgrAPI.Models.parent_task)</Name>
              <FileRef uid="3" />
              <SequencePoints>
                <SequencePoint vc="21" uspid="214" ordinal="0" offset="0" sl="145" sc="35" el="145" ec="46" bec="0" bev="0" fileid="3" />
              </SequencePoints>
              <BranchPoints />
              <MethodPoint xsi:type="SequencePoint" vc="21" uspid="214" ordinal="0" offset="0" sl="145" sc="35" el="145" ec="46" bec="0" bev="0" fileid="3" />
            </Method>
            <Method visited="true" cyclomaticComplexity="2" nPathComplexity="0" sequenceCoverage="100" branchCoverage="100" isConstructor="false" isStatic="false" isGetter="false" isSetter="false">
              <Summary numSequencePoints="1" visitedSequencePoints="1" numBranchPoints="1" visitedBranchPoints="1" sequenceCoverage="100" branchCoverage="100" maxCyclomaticComplexity="2" minCyclomaticComplexity="2" visitedClasses="0" numClasses="0" visitedMethods="1" numMethods="1" />
              <MetadataToken>100663366</MetadataToken>
              <Name>System.Boolean ProjMgrAPI.Tests.Controllers.TaskControllerTest/&lt;&gt;c::&lt;EditTaskTestMethod&gt;b__8_0(ProjMgrAPI.Models.project)</Name>
              <FileRef uid="3" />
              <SequencePoints>
                <SequencePoint vc="1" uspid="215" ordinal="0" offset="0" sl="185" sc="38" el="185" ec="75" bec="0" bev="0" fileid="3" />
              </SequencePoints>
              <BranchPoints />
              <MethodPoint xsi:type="SequencePoint" vc="1" uspid="215" ordinal="0" offset="0" sl="185" sc="38" el="185" ec="75" bec="0" bev="0" fileid="3" />
            </Method>
            <Method visited="true" cyclomaticComplexity="2" nPathComplexity="0" sequenceCoverage="100" branchCoverage="100" isConstructor="false" isStatic="false" isGetter="false" isSetter="false">
              <Summary numSequencePoints="1" visitedSequencePoints="1" numBranchPoints="1" visitedBranchPoints="1" sequenceCoverage="100" branchCoverage="100" maxCyclomaticComplexity="2" minCyclomaticComplexity="2" visitedClasses="0" numClasses="0" visitedMethods="1" numMethods="1" />
              <MetadataToken>100663367</MetadataToken>
              <Name>System.Boolean ProjMgrAPI.Tests.Controllers.TaskControllerTest/&lt;&gt;c::&lt;GetTasksTestMethod&gt;b__10_0(ProjMgrAPI.Models.project)</Name>
              <FileRef uid="3" />
              <SequencePoints>
                <SequencePoint vc="1" uspid="218" ordinal="0" offset="0" sl="241" sc="35" el="241" ec="72" bec="0" bev="0" fileid="3" />
              </SequencePoints>
              <BranchPoints />
              <MethodPoint xsi:type="SequencePoint" vc="1" uspid="218" ordinal="0" offset="0" sl="241" sc="35" el="241" ec="72" bec="0" bev="0" fileid="3" />
            </Method>
          </Methods>
        </Class>
        <Class>
          <Summary numSequencePoints="20" visitedSequencePoints="20" numBranchPoints="4" visitedBranchPoints="4" sequenceCoverage="100" branchCoverage="100" maxCyclomaticComplexity="1" minCyclomaticComplexity="1" visitedClasses="1" numClasses="1" visitedMethods="4" numMethods="4" />
          <FullName>ProjMgrAPI.Tests.Controllers.ConfigTest</FullName>
          <Methods>
            <Method visited="true" cyclomaticComplexity="1" nPathComplexity="0" sequenceCoverage="100" branchCoverage="100" isConstructor="false" isStatic="false" isGetter="false" isSetter="false">
              <Summary numSequencePoints="5" visitedSequencePoints="5" numBranchPoints="1" visitedBranchPoints="1" sequenceCoverage="100" branchCoverage="100" maxCyclomaticComplexity="1" minCyclomaticComplexity="1" visitedClasses="0" numClasses="0" visitedMethods="1" numMethods="1" />
              <MetadataToken>100663321</MetadataToken>
              <Name>System.Void ProjMgrAPI.Tests.Controllers.ConfigTest::BundleConfigTest()</Name>
              <FileRef uid="5" />
              <SequencePoints>
                <SequencePoint vc="1" uspid="221" ordinal="0" offset="0" sl="16" sc="9" el="16" ec="10" bec="0" bev="0" fileid="5" />
                <SequencePoint vc="1" uspid="222" ordinal="1" offset="1" sl="17" sc="13" el="17" ec="50" bec="0" bev="0" fileid="5" />
                <SequencePoint vc="1" uspid="223" ordinal="2" offset="7" sl="18" sc="13" el="18" ec="51" bec="0" bev="0" fileid="5" />
                <SequencePoint vc="1" uspid="224" ordinal="3" offset="14" sl="21" sc="13" el="21" ec="47" bec="0" bev="0" fileid="5" />
                <SequencePoint vc="1" uspid="225" ordinal="4" offset="37" sl="23" sc="9" el="23" ec="10" bec="0" bev="0" fileid="5" />
              </SequencePoints>
              <BranchPoints />
              <MethodPoint xsi:type="SequencePoint" vc="1" uspid="221" ordinal="0" offset="0" sl="16" sc="9" el="16" ec="10" bec="0" bev="0" fileid="5" />
            </Method>
            <Method visited="true" cyclomaticComplexity="1" nPathComplexity="0" sequenceCoverage="100" branchCoverage="100" isConstructor="false" isStatic="false" isGetter="false" isSetter="false">
              <Summary numSequencePoints="5" visitedSequencePoints="5" numBranchPoints="1" visitedBranchPoints="1" sequenceCoverage="100" branchCoverage="100" maxCyclomaticComplexity="1" minCyclomaticComplexity="1" visitedClasses="0" numClasses="0" visitedMethods="1" numMethods="1" />
              <MetadataToken>100663322</MetadataToken>
              <Name>System.Void ProjMgrAPI.Tests.Controllers.ConfigTest::FilterConfigTest()</Name>
              <FileRef uid="5" />
              <SequencePoints>
                <SequencePoint vc="1" uspid="226" ordinal="0" offset="0" sl="29" sc="9" el="29" ec="10" bec="0" bev="0" fileid="5" />
                <SequencePoint vc="1" uspid="227" ordinal="1" offset="1" sl="30" sc="13" el="30" ec="55" bec="0" bev="0" fileid="5" />
                <SequencePoint vc="1" uspid="228" ordinal="2" offset="7" sl="31" sc="13" el="31" ec="56" bec="0" bev="0" fileid="5" />
                <SequencePoint vc="1" uspid="229" ordinal="3" offset="14" sl="34" sc="13" el="34" ec="46" bec="0" bev="0" fileid="5" />
                <SequencePoint vc="1" uspid="230" ordinal="4" offset="37" sl="36" sc="9" el="36" ec="10" bec="0" bev="0" fileid="5" />
              </SequencePoints>
              <BranchPoints />
              <MethodPoint xsi:type="SequencePoint" vc="1" uspid="226" ordinal="0" offset="0" sl="29" sc="9" el="29" ec="10" bec="0" bev="0" fileid="5" />
            </Method>
            <Method visited="true" cyclomaticComplexity="1" nPathComplexity="0" sequenceCoverage="100" branchCoverage="100" isConstructor="false" isStatic="false" isGetter="false" isSetter="false">
              <Summary numSequencePoints="5" visitedSequencePoints="5" numBranchPoints="1" visitedBranchPoints="1" sequenceCoverage="100" branchCoverage="100" maxCyclomaticComplexity="1" minCyclomaticComplexity="1" visitedClasses="0" numClasses="0" visitedMethods="1" numMethods="1" />
              <MetadataToken>100663323</MetadataToken>
              <Name>System.Void ProjMgrAPI.Tests.Controllers.ConfigTest::RouteConfigTest()</Name>
              <FileRef uid="5" />
              <SequencePoints>
                <SequencePoint vc="1" uspid="231" ordinal="0" offset="0" sl="42" sc="9" el="42" ec="10" bec="0" bev="0" fileid="5" />
                <SequencePoint vc="1" uspid="232" ordinal="1" offset="1" sl="43" sc="13" el="43" ec="48" bec="0" bev="0" fileid="5" />
                <SequencePoint vc="1" uspid="233" ordinal="2" offset="7" sl="44" sc="13" el="44" ec="48" bec="0" bev="0" fileid="5" />
                <SequencePoint vc="1" uspid="234" ordinal="3" offset="14" sl="47" sc="13" el="47" ec="46" bec="0" bev="0" fileid="5" />
[...]
                <SequencePoint vc="1" uspid="284" ordinal="10" offset="113" sl="133" sc="9" el="133" ec="10" bec="0" bev="0" fileid="6" />
              </SequencePoints>
              <BranchPoints />
              <MethodPoint xsi:type="SequencePoint" vc="1" uspid="274" ordinal="0" offset="0" sl="109" sc="9" el="109" ec="10" bec="0" bev="0" fileid="6" />
            </Method>
            <Method visited="true" cyclomaticComplexity="1" nPathComplexity="0" sequenceCoverage="100" branchCoverage="100" isConstructor="false" isStatic="false" isGetter="false" isSetter="false">
              <Summary numSequencePoints="8" visitedSequencePoints="8" numBranchPoints="1" visitedBranchPoints="1" sequenceCoverage="100" branchCoverage="100" maxCyclomaticComplexity="1" minCyclomaticComplexity="1" visitedClasses="0" numClasses="0" visitedMethods="1" numMethods="1" />
              <MetadataToken>100663348</MetadataToken>
              <Name>System.Void ProjMgrAPI.Tests.Controllers.UserControllerTest::GetUserTestMethod()</Name>
              <FileRef uid="6" />
              <SequencePoints>
                <SequencePoint vc="1" uspid="285" ordinal="0" offset="0" sl="139" sc="9" el="139" ec="10" bec="0" bev="0" fileid="6" />
                <SequencePoint vc="1" uspid="286" ordinal="1" offset="1" sl="140" sc="13" el="140" ec="50" bec="0" bev="0" fileid="6" />
                <SequencePoint vc="1" uspid="287" ordinal="2" offset="7" sl="143" sc="13" el="145" ec="46" bec="0" bev="0" fileid="6" />
                <SequencePoint vc="1" uspid="288" ordinal="3" offset="213" sl="149" sc="13" el="149" ec="67" bec="0" bev="0" fileid="6" />
                <SequencePoint vc="1" uspid="289" ordinal="4" offset="221" sl="150" sc="13" el="150" ec="78" bec="0" bev="0" fileid="6" />
                <SequencePoint vc="1" uspid="290" ordinal="5" offset="228" sl="152" sc="13" el="152" ec="40" bec="0" bev="0" fileid="6" />
                <SequencePoint vc="1" uspid="291" ordinal="6" offset="235" sl="154" sc="13" el="154" ec="67" bec="0" bev="0" fileid="6" />
                <SequencePoint vc="1" uspid="292" ordinal="7" offset="263" sl="155" sc="9" el="155" ec="10" bec="0" bev="0" fileid="6" />
              </SequencePoints>
              <BranchPoints />
              <MethodPoint xsi:type="SequencePoint" vc="1" uspid="285" ordinal="0" offset="0" sl="139" sc="9" el="139" ec="10" bec="0" bev="0" fileid="6" />
            </Method>
            <Method visited="true" cyclomaticComplexity="1" nPathComplexity="0" sequenceCoverage="100" branchCoverage="100" isConstructor="false" isStatic="false" isGetter="false" isSetter="false">
              <Summary numSequencePoints="6" visitedSequencePoints="6" numBranchPoints="1" visitedBranchPoints="1" sequenceCoverage="100" branchCoverage="100" maxCyclomaticComplexity="1" minCyclomaticComplexity="1" visitedClasses="0" numClasses="0" visitedMethods="1" numMethods="1" />
              <MetadataToken>100663349</MetadataToken>
              <Name>System.Void ProjMgrAPI.Tests.Controllers.UserControllerTest::GetUsersTestMethod()</Name>
              <FileRef uid="6" />
              <SequencePoints>
                <SequencePoint vc="1" uspid="293" ordinal="0" offset="0" sl="160" sc="9" el="160" ec="10" bec="0" bev="0" fileid="6" />
                <SequencePoint vc="1" uspid="294" ordinal="1" offset="1" sl="161" sc="13" el="161" ec="50" bec="0" bev="0" fileid="6" />
                <SequencePoint vc="1" uspid="295" ordinal="2" offset="7" sl="166" sc="13" el="166" ec="49" bec="0" bev="0" fileid="6" />
                <SequencePoint vc="1" uspid="296" ordinal="3" offset="14" sl="169" sc="13" el="169" ec="40" bec="0" bev="0" fileid="6" />
                <SequencePoint vc="1" uspid="297" ordinal="4" offset="21" sl="171" sc="13" el="171" ec="68" bec="0" bev="0" fileid="6" />
                <SequencePoint vc="1" uspid="298" ordinal="5" offset="49" sl="172" sc="9" el="172" ec="10" bec="0" bev="0" fileid="6" />
              </SequencePoints>
              <BranchPoints />
              <MethodPoint xsi:type="SequencePoint" vc="1" uspid="293" ordinal="0" offset="0" sl="160" sc="9" el="160" ec="10" bec="0" bev="0" fileid="6" />
            </Method>
            <Method visited="true" cyclomaticComplexity="1" nPathComplexity="0" sequenceCoverage="100" branchCoverage="100" isConstructor="false" isStatic="false" isGetter="false" isSetter="false">
              <Summary numSequencePoints="6" visitedSequencePoints="6" numBranchPoints="1" visitedBranchPoints="1" sequenceCoverage="100" branchCoverage="100" maxCyclomaticComplexity="1" minCyclomaticComplexity="1" visitedClasses="0" numClasses="0" visitedMethods="1" numMethods="1" />
              <MetadataToken>100663350</MetadataToken>
              <Name>System.Void ProjMgrAPI.Tests.Controllers.UserControllerTest::GetUsers2TestMethod()</Name>
              <FileRef uid="6" />
              <SequencePoints>
                <SequencePoint vc="1" uspid="299" ordinal="0" offset="0" sl="177" sc="9" el="177" ec="10" bec="0" bev="0" fileid="6" />
                <SequencePoint vc="1" uspid="300" ordinal="1" offset="1" sl="178" sc="13" el="178" ec="50" bec="0" bev="0" fileid="6" />
                <SequencePoint vc="1" uspid="301" ordinal="2" offset="7" sl="183" sc="13" el="183" ec="68" bec="0" bev="0" fileid="6" />
                <SequencePoint vc="1" uspid="302" ordinal="3" offset="19" sl="186" sc="13" el="186" ec="40" bec="0" bev="0" fileid="6" />
                <SequencePoint vc="1" uspid="303" ordinal="4" offset="26" sl="188" sc="13" el="188" ec="63" bec="0" bev="0" fileid="6" />
                <SequencePoint vc="1" uspid="304" ordinal="5" offset="54" sl="189" sc="9" el="189" ec="10" bec="0" bev="0" fileid="6" />
              </SequencePoints>
              <BranchPoints />
              <MethodPoint xsi:type="SequencePoint" vc="1" uspid="299" ordinal="0" offset="0" sl="177" sc="9" el="177" ec="10" bec="0" bev="0" fileid="6" />
            </Method>
            <Method visited="true" cyclomaticComplexity="1" nPathComplexity="0" sequenceCoverage="100" branchCoverage="100" isConstructor="false" isStatic="false" isGetter="false" isSetter="false">
              <Summary numSequencePoints="8" visitedSequencePoints="8" numBranchPoints="1" visitedBranchPoints="1" sequenceCoverage="100" branchCoverage="100" maxCyclomaticComplexity="1" minCyclomaticComplexity="1" visitedClasses="0" numClasses="0" visitedMethods="1" numMethods="1" />
              <MetadataToken>100663351</MetadataToken>
              <Name>System.Void ProjMgrAPI.Tests.Controllers.UserControllerTest::DeleteUserTestMethod()</Name>
              <FileRef uid="6" />
              <SequencePoints>
                <SequencePoint vc="1" uspid="305" ordinal="0" offset="0" sl="195" sc="9" el="195" ec="10" bec="0" bev="0" fileid="6" />
                <SequencePoint vc="1" uspid="306" ordinal="1" offset="1" sl="196" sc="13" el="196" ec="49" bec="0" bev="0" fileid="6" />
                <SequencePoint vc="1" uspid="307" ordinal="2" offset="7" sl="200" sc="13" el="200" ec="33" bec="0" bev="0" fileid="6" />
                <SequencePoint vc="1" uspid="308" ordinal="3" offset="14" sl="202" sc="13" el="202" ec="56" bec="0" bev="0" fileid="6" />
                <SequencePoint vc="1" uspid="309" ordinal="4" offset="22" sl="204" sc="13" el="204" ec="78" bec="0" bev="0" fileid="6" />
                <SequencePoint vc="1" uspid="310" ordinal="5" offset="29" sl="206" sc="13" el="206" ec="40" bec="0" bev="0" fileid="6" />
                <SequencePoint vc="1" uspid="311" ordinal="6" offset="36" sl="208" sc="13" el="208" ec="68" bec="0" bev="0" fileid="6" />
                <SequencePoint vc="1" uspid="312" ordinal="7" offset="64" sl="211" sc="9" el="211" ec="10" bec="0" bev="0" fileid="6" />
              </SequencePoints>
              <BranchPoints />
              <MethodPoint xsi:type="SequencePoint" vc="1" uspid="305" ordinal="0" offset="0" sl="195" sc="9" el="195" ec="10" bec="0" bev="0" fileid="6" />
            </Method>
            <Method visited="true" cyclomaticComplexity="1" nPathComplexity="0" sequenceCoverage="0" branchCoverage="0" isConstructor="true" isStatic="false" isGetter="false" isSetter="false">
              <Summary numSequencePoints="0" visitedSequencePoints="0" numBranchPoints="0" visitedBranchPoints="0" sequenceCoverage="0" branchCoverage="0" maxCyclomaticComplexity="1" minCyclomaticComplexity="1" visitedClasses="0" numClasses="0" visitedMethods="0" numMethods="0" />
              <MetadataToken>100663352</MetadataToken>
              <Name>System.Void ProjMgrAPI.Tests.Controllers.UserControllerTest::.ctor()</Name>
              <SequencePoints />
              <BranchPoints />
              <MethodPoint vc="1" uspid="313" ordinal="0" offset="0" />
            </Method>
            <Method visited="true" cyclomaticComplexity="1" nPathComplexity="0" sequenceCoverage="100" branchCoverage="100" isConstructor="false" isStatic="false" isGetter="false" isSetter="false">
              <Summary numSequencePoints="1" visitedSequencePoints="1" numBranchPoints="1" visitedBranchPoints="1" sequenceCoverage="100" branchCoverage="100" maxCyclomaticComplexity="1" minCyclomaticComplexity="1" visitedClasses="0" numClasses="0" visitedMethods="1" numMethods="1" />
              <MetadataToken>100663353</MetadataToken>
              <Name>System.Boolean ProjMgrAPI.Tests.Controllers.UserControllerTest::&lt;EditUserTestMethod2&gt;b__7_0(ProjMgrAPI.Models.user)</Name>
              <FileRef uid="6" />
              <SequencePoints>
                <SequencePoint vc="1677" uspid="314" ordinal="0" offset="0" sl="115" sc="35" el="115" ec="54" bec="0" bev="0" fileid="6" />
              </SequencePoints>
              <BranchPoints />
              <MethodPoint xsi:type="SequencePoint" vc="1677" uspid="314" ordinal="0" offset="0" sl="115" sc="35" el="115" ec="54" bec="0" bev="0" fileid="6" />
            </Method>
          </Methods>
        </Class>
      </Classes>
    </Module>
    <Module skippedDueTo="Filter" hash="AC-C3-A2-F1-C0-76-1F-1E-51-A3-B2-05-25-EA-0A-0F-BD-AD-9D-7D">
      <ModulePath>C:\Users\Admin\Desktop\.NET projects\ProjMngrApp\ProjMgrSPA\ProjMgrAPI.Tests\bin\Debug\NBench.dll</ModulePath>
      <ModuleTime>2018-07-24T16:50:44Z</ModuleTime>
      <ModuleName>NBench</ModuleName>
      <Classes />
    </Module>
    <Module skippedDueTo="Filter" hash="F2-26-5B-FA-55-E9-5B-BC-DD-3A-32-56-2C-38-71-11-1A-8E-6D-32">
      <ModulePath>C:\WINDOWS\Microsoft.Net\assembly\GAC_MSIL\System.Xml\v4.0_4.0.0.0__b77a5c561934e089\System.Xml.dll</ModulePath>
      <ModuleTime>2018-04-11T23:35:17.0290261Z</ModuleTime>
      <ModuleName>System.Xml</ModuleName>
      <Classes />
    </Module>
    <Module skippedDueTo="Filter" hash="72-A4-20-F9-02-68-90-FC-6C-7F-6F-3A-80-50-FD-4D-CF-7E-2D-4D">
      <ModulePath>C:\Users\Admin\Desktop\.NET projects\ProjMngrApp\ProjMgrSPA\ProjMgrAPI.Tests\bin\Debug\System.Web.Optimization.dll</ModulePath>
      <ModuleTime>2014-02-11T09:56:04Z</ModuleTime>
      <ModuleName>System.Web.Optimization</ModuleName>
      <Classes />
    </Module>
    <Module skippedDueTo="Filter" hash="11-D0-FD-F4-7C-46-18-5B-07-CD-38-43-51-8D-65-7A-4A-6F-29-BD">
      <ModulePath>C:\Users\Admin\Desktop\.NET projects\ProjMngrApp\ProjMgrSPA\ProjMgrAPI.Tests\bin\Debug\ProjMgrAPI.dll</ModulePath>
      <ModuleTime>2018-12-26T23:47:14.4660941Z</ModuleTime>
      <ModuleName>ProjMgrAPI</ModuleName>
      <Classes />
    </Module>
    <Module skippedDueTo="Filter" hash="0D-DE-6F-C2-02-10-FA-41-F8-20-D1-9C-F7-00-54-BC-61-0A-F7-2F">
      <ModulePath>C:\Users\Admin\Desktop\.NET projects\ProjMngrApp\ProjMgrSPA\ProjMgrAPI.Tests\bin\Debug\System.Web.Mvc.dll</ModulePath>
      <ModuleTime>2015-01-27T22:32:18Z</ModuleTime>
      <ModuleName>System.Web.Mvc</ModuleName>
      <Classes />
    </Module>
    <Module skippedDueTo="Filter" hash="D0-E9-28-FA-2D-D0-E6-BA-3D-E2-DC-A1-B9-DF-E2-B4-5E-53-F6-77">
      <ModulePath>C:\Users\Admin\Desktop\.NET projects\ProjMngrApp\ProjMgrSPA\ProjMgrAPI.Tests\bin\Debug\System.Web.WebPages.dll</ModulePath>
      <ModuleTime>2015-01-27T22:34:30Z</ModuleTime>
      <ModuleName>System.Web.WebPages</ModuleName>
      <Classes />
    </Module>
    <Module skippedDueTo="Filter" hash="F0-75-95-99-12-3B-46-21-20-80-FA-42-E8-4F-23-D2-EA-2D-7B-0A">
      <ModulePath>C:\Users\Admin\Desktop\.NET projects\ProjMngrApp\ProjMgrSPA\ProjMgrAPI.Tests\bin\Debug\System.Web.Http.dll</ModulePath>
      <ModuleTime>2018-11-28T07:31:00Z</ModuleTime>
      <ModuleName>System.Web.Http</ModuleName>
      <Classes />
    </Module>
    <Module skippedDueTo="Filter" hash="0D-FF-46-1B-E2-E0-4E-BF-6D-A5-F4-F2-D3-EB-63-9C-C2-E0-A8-B5">
      <ModulePath>C:\Users\Admin\Desktop\.NET projects\ProjMngrApp\ProjMgrSPA\ProjMgrAPI.Tests\bin\Debug\System.Net.Http.Formatting.dll</ModulePath>
      <ModuleTime>2018-11-28T07:30:36Z</ModuleTime>
      <ModuleName>System.Net.Http.Formatting</ModuleName>
      <Classes />
    </Module>
    <Module skippedDueTo="Filter" hash="19-6F-A5-C6-C2-4E-32-27-A2-D0-61-D8-30-02-1D-0F-63-C0-78-46">
      <ModulePath>C:\WINDOWS\Microsoft.Net\assembly\GAC_MSIL\System.Net.Http\v4.0_4.0.0.0__b03f5f7f11d50a3a\System.Net.Http.dll</ModulePath>
      <ModuleTime>2018-04-11T23:35:18.1697369Z</ModuleTime>
      <ModuleName>System.Net.Http</ModuleName>
      <Classes />
    </Module>
    <Module skippedDueTo="Filter" hash="B0-8F-6B-F3-38-7B-30-60-B9-21-C5-73-1A-1B-51-A3-D1-14-AA-D4">
      <ModulePath>C:\WINDOWS\Microsoft.Net\assembly\GAC_MSIL\System.Runtime.Serialization\v4.0_4.0.0.0__b77a5c561934e089\System.Runtime.Serialization.dll</ModulePath>
      <ModuleTime>2018-10-11T03:09:29.7526228Z</ModuleTime>
      <ModuleName>System.Runtime.Serialization</ModuleName>
      <Classes />
    </Module>
    <Module skippedDueTo="Filter" hash="CA-CD-B4-B2-60-E7-DC-C6-9E-C6-B6-1C-FB-D5-68-E9-78-D0-B3-CD">
      <ModulePath>C:\WINDOWS\Microsoft.Net\assembly\GAC_MSIL\SMDiagnostics\v4.0_4.0.0.0__b77a5c561934e089\SMDiagnostics.dll</ModulePath>
      <ModuleTime>2018-10-11T03:09:28.7682456Z</ModuleTime>
      <ModuleName>SMDiagnostics</ModuleName>
      <Classes />
    </Module>
    <Module skippedDueTo="Filter" hash="EB-B8-9D-4D-76-59-EF-77-B6-58-A8-6A-D0-0D-BA-0E-AD-86-9F-4C">
      <ModulePath>C:\Users\Admin\Desktop\.NET projects\ProjMngrApp\ProjMgrSPA\ProjMgrAPI.Tests\bin\Debug\Newtonsoft.Json.dll</ModulePath>
      <ModuleTime>2014-08-03T15:03:56Z</ModuleTime>
      <ModuleName>Newtonsoft.Json</ModuleName>
      <Classes />
    </Module>
    <Module skippedDueTo="Filter" hash="82-5D-81-4E-EB-22-28-87-D0-A9-F2-F4-03-89-6A-97-12-C3-34-72">
      <ModulePath>C:\Users\Admin\Desktop\.NET projects\ProjMngrApp\ProjMgrSPA\ProjMgrAPI.Tests\bin\Debug\System.Web.Http.Cors.dll</ModulePath>
      <ModuleTime>2018-11-28T07:31:26Z</ModuleTime>
      <ModuleName>System.Web.Http.Cors</ModuleName>
      <Classes />
    </Module>
    <Module skippedDueTo="Filter" hash="C6-86-9E-2D-E3-08-09-F9-44-E1-2B-79-F2-16-CE-6C-FB-68-C9-CC">
      <ModulePath>C:\Users\Admin\Desktop\.NET projects\ProjMngrApp\ProjMgrSPA\ProjMgrAPI.Tests\bin\Debug\EntityFramework.dll</ModulePath>
      <ModuleTime>2017-01-03T19:14:16Z</ModuleTime>
      <ModuleName>EntityFramework</ModuleName>
      <Classes />
    </Module>
    <Module skippedDueTo="Filter" hash="2A-F4-1C-14-5D-7A-74-B3-03-8B-1D-2A-59-DC-B6-BE-1D-C8-EF-54">
      <ModulePath>C:\WINDOWS\Microsoft.Net\assembly\GAC_MSIL\System.Configuration\v4.0_4.0.0.0__b03f5f7f11d50a3a\System.Configuration.dll</ModulePath>
      <ModuleTime>2018-04-11T23:35:16.9508953Z</ModuleTime>
      <ModuleName>System.Configuration</ModuleName>
      <Classes />
    </Module>
    <Module skippedDueTo="Filter" hash="7F-FF-EF-06-DF-CE-91-04-E3-81-6A-68-B2-5D-E7-3C-77-96-E6-18">
      <ModulePath>C:\WINDOWS\Microsoft.Net\assembly\GAC_64\System.Data\v4.0_4.0.0.0__b77a5c561934e089\System.Data.dll</ModulePath>
      <ModuleTime>2018-10-11T06:37:59.992928Z</ModuleTime>
      <ModuleName>System.Data</ModuleName>
      <Classes />
    </Module>
    <Module skippedDueTo="Filter" hash="4C-C8-46-ED-D6-9A-AC-12-E1-88-9C-10-62-C2-5E-B3-0B-57-11-4F">
      <ModulePath>C:\Users\Admin\Desktop\.NET projects\ProjMngrApp\ProjMgrSPA\ProjMgrAPI.Tests\bin\Debug\EntityFramework.SqlServer.dll</ModulePath>
      <ModuleTime>2017-01-03T19:14:16Z</ModuleTime>
      <ModuleName>EntityFramework.SqlServer</ModuleName>
      <Classes />
    </Module>
    <Module skippedDueTo="Filter" hash="">
      <ModulePath>RefEmit_InMemoryManifestModule</ModulePath>
      <ModuleTime>0001-01-01T00:00:00</ModuleTime>
      <ModuleName>Anonymously Hosted DynamicMethods Assembly</ModuleName>
      <Classes />
    </Module>
    <Module skippedDueTo="Filter" hash="D4-54-32-B5-B1-E2-7D-BE-A8-0C-10-C4-98-E4-C8-76-00-FF-CA-2D">
      <ModulePath>C:\WINDOWS\Microsoft.Net\assembly\GAC_64\System.Transactions\v4.0_4.0.0.0__b77a5c561934e089\System.Transactions.dll</ModulePath>
      <ModuleTime>2018-09-11T01:23:18.78213Z</ModuleTime>
      <ModuleName>System.Transactions</ModuleName>
      <Classes />
    </Module>
    <Module skippedDueTo="Filter" hash="CB-9A-69-FA-E9-A7-1D-79-EC-E4-45-7B-80-24-5F-0E-56-96-EA-D4">
      <ModulePath>C:\WINDOWS\Microsoft.Net\assembly\GAC_MSIL\System.Numerics\v4.0_4.0.0.0__b77a5c561934e089\System.Numerics.dll</ModulePath>
      <ModuleTime>2018-04-11T23:35:17.0446523Z</ModuleTime>
      <ModuleName>System.Numerics</ModuleName>
      <Classes />
    </Module>
    <Module skippedDueTo="Filter" hash="95-F0-AA-F5-C0-C4-8B-74-AE-85-F5-18-0A-19-CB-9D-F7-9E-AC-2D">
      <ModulePath>C:\WINDOWS\Microsoft.Net\assembly\GAC_64\System.Data.OracleClient\v4.0_4.0.0.0__b77a5c561934e089\System.Data.OracleClient.dll</ModulePath>
      <ModuleTime>2018-04-11T23:35:19.7011011Z</ModuleTime>
      <ModuleName>System.Data.OracleClient</ModuleName>
      <Classes />
    </Module>
    <Module skippedDueTo="Filter" hash="EE-87-E3-8B-35-D7-7B-51-75-59-60-AC-9C-42-7D-75-33-40-43-72">
      <ModulePath>C:\WINDOWS\Microsoft.Net\assembly\GAC_MSIL\System.Xml.Linq\v4.0_4.0.0.0__b77a5c561934e089\System.Xml.Linq.dll</ModulePath>
      <ModuleTime>2018-04-11T23:35:18.3885028Z</ModuleTime>
      <ModuleName>System.Xml.Linq</ModuleName>
      <Classes />
    </Module>
    <Module skippedDueTo="Filter" hash="B6-03-A2-FF-5E-7B-F5-92-A1-04-2D-8A-21-BA-7A-73-59-C3-FA-B2">
      <ModulePath>C:\WINDOWS\Microsoft.Net\assembly\GAC_MSIL\System.ComponentModel.DataAnnotations\v4.0_4.0.0.0__31bf3856ad364e35\System.ComponentModel.DataAnnotations.dll</ModulePath>
      <ModuleTime>2018-04-11T23:35:19.7011011Z</ModuleTime>
      <ModuleName>System.ComponentModel.DataAnnotations</ModuleName>
      <Classes />
    </Module>
    <Module skippedDueTo="Filter" hash="AC-47-9F-83-18-8E-6F-EE-68-63-E4-97-D4-21-F0-86-78-BF-89-85">
      <ModulePath>C:\WINDOWS\Microsoft.Net\assembly\GAC_64\System.EnterpriseServices\v4.0_4.0.0.0__b03f5f7f11d50a3a\System.EnterpriseServices.dll</ModulePath>
      <ModuleTime>2018-04-11T23:35:18.3416247Z</ModuleTime>
      <ModuleName>System.EnterpriseServices</ModuleName>
      <Classes />
    </Module>
    <Module skippedDueTo="Filter" hash="">
      <ModulePath>RefEmit_InMemoryManifestModule</ModulePath>
      <ModuleTime>0001-01-01T00:00:00</ModuleTime>
      <ModuleName>EntityFrameworkDynamicProxies-ProjMgrAPI</ModuleName>
      <Classes />
    </Module>
    <Module skippedDueTo="Filter" hash="AA-F9-5B-08-84-E6-BF-7A-58-47-F8-F7-D9-D7-BB-95-22-70-B1-DF">
      <ModulePath>C:\WINDOWS\Microsoft.Net\assembly\GAC_MSIL\System.Web.Extensions\v4.0_4.0.0.0__31bf3856ad364e35\System.Web.Extensions.dll</ModulePath>
      <ModuleTime>2018-11-13T02:15:11.5896111Z</ModuleTime>
      <ModuleName>System.Web.Extensions</ModuleName>
      <Classes />
    </Module>
  </Modules>
</CoverageSession>